<?xml version="1.0" encoding="UTF-8"?>
<testsuite name="WordTest" tests="5" skipped="0" failures="0" errors="0" timestamp="2016-04-29T17:21:15" hostname="epicodus-55.local" time="0.001">
  <properties/>
  <testcase name="word_instantiatesWithDescription_String" classname="WordTest" time="0.001"/>
  <testcase name="isCompleted_isFalseAfterInstantiation_false" classname="WordTest" time="0.0"/>
  <testcase name="newId_wordInstantiateWithAnID_true" classname="WordTest" time="0.0"/>
  <testcase name="all_returnsAllInstancesOfWord_true" classname="WordTest" time="0.0"/>
  <testcase name="word_instantiatesCorrectly_true" classname="WordTest" time="0.0"/>
  <system-out><![CDATA[]]></system-out>
  <system-err><![CDATA[]]></system-err>
</testsuite>
