<?xml version="1.0" encoding="UTF-8"?>
<testsuite name="AppTest" tests="4" skipped="0" failures="3" errors="0" timestamp="2016-04-30T05:52:21" hostname="Nadins-MacBook-Pro.local" time="4.027">
  <properties/>
  <testcase name="rootTest" classname="AppTest" time="1.707"/>
  <testcase name="wordsIsDisplayedTest" classname="AppTest" time="0.352">
    <failure message="java.lang.AssertionError: &#10;Expecting:&#10; &lt;&quot;&lt;?xml version=&quot;1.0&quot; encoding=&quot;UTF-8&quot;?&gt;&#13;&#10;&lt;html&gt;&#13;&#10;  &lt;head&gt;&#13;&#10;    &lt;title&gt;&#13;&#10;      Dictionary&#13;&#10;    &lt;/title&gt;&#13;&#10;    &lt;link href=&quot;/css/bootstrap-3.3.6-dist/css/bootstrap.css&quot; rel=&quot;stylesheet&quot;/&gt;&#13;&#10;    &lt;link rel=&quot;stylesheet&quot; href=&quot;/css/app.css&quot;/&gt;&#13;&#10;    &lt;script src=&quot;/js/jquery-1.12.2.js&quot;&gt;&#13;&#10;    &lt;/script&gt;&#13;&#10;    &lt;script src=&quot;/js/scripts.js&quot;&gt;&#13;&#10;    &lt;/script&gt;&#13;&#10;    &lt;script src=&quot;/css/bootstrap-3.3.6-dist/js/bootstrap.js&quot;&gt;&#13;&#10;    &lt;/script&gt;&#13;&#10;  &lt;/head&gt;&#13;&#10;  &lt;body&gt;&#13;&#10;    &lt;div class=&quot;container&quot;&gt;&#13;&#10;      &lt;!-- success.html --&gt;      &lt;h1&gt;&#13;&#10;        Success!&#13;&#10;      &lt;/h1&gt;&#13;&#10;      &lt;h2&gt;&#13;&#10;        Your word has been saved.&#13;&#10;      &lt;/h2&gt;&#13;&#10;      &lt;a href=&quot;/words&quot;&gt;&#13;&#10;        View Words list.&#13;&#10;      &lt;/a&gt;&#13;&#10;    &lt;/div&gt;&#13;&#10;  &lt;/body&gt;&#13;&#10;&lt;/html&gt;&#13;&#10;&quot;&gt;&#10;to contain:&#10; &lt;&quot;House&quot;&gt; " type="java.lang.AssertionError">java.lang.AssertionError: 
Expecting:
 &lt;&quot;&lt;?xml version=&quot;1.0&quot; encoding=&quot;UTF-8&quot;?&gt;
&lt;html&gt;
  &lt;head&gt;
    &lt;title&gt;
      Dictionary
    &lt;/title&gt;
    &lt;link href=&quot;/css/bootstrap-3.3.6-dist/css/bootstrap.css&quot; rel=&quot;stylesheet&quot;/&gt;
    &lt;link rel=&quot;stylesheet&quot; href=&quot;/css/app.css&quot;/&gt;
    &lt;script src=&quot;/js/jquery-1.12.2.js&quot;&gt;
    &lt;/script&gt;
    &lt;script src=&quot;/js/scripts.js&quot;&gt;
    &lt;/script&gt;
    &lt;script src=&quot;/css/bootstrap-3.3.6-dist/js/bootstrap.js&quot;&gt;
    &lt;/script&gt;
  &lt;/head&gt;
  &lt;body&gt;
    &lt;div class=&quot;container&quot;&gt;
      &lt;!-- success.html --&gt;      &lt;h1&gt;
        Success!
      &lt;/h1&gt;
      &lt;h2&gt;
        Your word has been saved.
      &lt;/h2&gt;
      &lt;a href=&quot;/words&quot;&gt;
        View Words list.
      &lt;/a&gt;
    &lt;/div&gt;
  &lt;/body&gt;
&lt;/html&gt;
&quot;&gt;
to contain:
 &lt;&quot;House&quot;&gt; 
	at AppTest.wordsIsDisplayedTest(AppTest.java:47)
	at sun.reflect.NativeMethodAccessorImpl.invoke0(Native Method)
	at sun.reflect.NativeMethodAccessorImpl.invoke(NativeMethodAccessorImpl.java:62)
	at sun.reflect.DelegatingMethodAccessorImpl.invoke(DelegatingMethodAccessorImpl.java:43)
	at java.lang.reflect.Method.invoke(Method.java:498)
	at org.junit.runners.model.FrameworkMethod$1.runReflectiveCall(FrameworkMethod.java:50)
	at org.junit.internal.runners.model.ReflectiveCallable.run(ReflectiveCallable.java:12)
	at org.junit.runners.model.FrameworkMethod.invokeExplosively(FrameworkMethod.java:47)
	at org.junit.internal.runners.statements.InvokeMethod.evaluate(InvokeMethod.java:17)
	at org.junit.rules.TestWatcher$1.evaluate(TestWatcher.java:55)
	at org.junit.rules.TestWatcher$1.evaluate(TestWatcher.java:55)
	at org.junit.rules.RunRules.evaluate(RunRules.java:20)
	at org.junit.runners.ParentRunner.runLeaf(ParentRunner.java:325)
	at org.junit.runners.BlockJUnit4ClassRunner.runChild(BlockJUnit4ClassRunner.java:78)
	at org.junit.runners.BlockJUnit4ClassRunner.runChild(BlockJUnit4ClassRunner.java:57)
	at org.junit.runners.ParentRunner$3.run(ParentRunner.java:290)
	at org.junit.runners.ParentRunner$1.schedule(ParentRunner.java:71)
	at org.junit.runners.ParentRunner.runChildren(ParentRunner.java:288)
	at org.junit.runners.ParentRunner.access$000(ParentRunner.java:58)
	at org.junit.runners.ParentRunner$2.evaluate(ParentRunner.java:268)
	at org.junit.internal.runners.statements.RunAfters.evaluate(RunAfters.java:27)
	at org.junit.rules.ExternalResource$1.evaluate(ExternalResource.java:48)
	at org.junit.rules.RunRules.evaluate(RunRules.java:20)
	at org.junit.runners.ParentRunner.run(ParentRunner.java:363)
	at org.gradle.api.internal.tasks.testing.junit.JUnitTestClassExecuter.runTestClass(JUnitTestClassExecuter.java:112)
	at org.gradle.api.internal.tasks.testing.junit.JUnitTestClassExecuter.execute(JUnitTestClassExecuter.java:56)
	at org.gradle.api.internal.tasks.testing.junit.JUnitTestClassProcessor.processTestClass(JUnitTestClassProcessor.java:66)
	at org.gradle.api.internal.tasks.testing.SuiteTestClassProcessor.processTestClass(SuiteTestClassProcessor.java:51)
	at sun.reflect.NativeMethodAccessorImpl.invoke0(Native Method)
	at sun.reflect.NativeMethodAccessorImpl.invoke(NativeMethodAccessorImpl.java:62)
	at sun.reflect.DelegatingMethodAccessorImpl.invoke(DelegatingMethodAccessorImpl.java:43)
	at java.lang.reflect.Method.invoke(Method.java:498)
	at org.gradle.messaging.dispatch.ReflectionDispatch.dispatch(ReflectionDispatch.java:35)
	at org.gradle.messaging.dispatch.ReflectionDispatch.dispatch(ReflectionDispatch.java:24)
	at org.gradle.messaging.dispatch.ContextClassLoaderDispatch.dispatch(ContextClassLoaderDispatch.java:32)
	at org.gradle.messaging.dispatch.ProxyDispatchAdapter$DispatchingInvocationHandler.invoke(ProxyDispatchAdapter.java:93)
	at com.sun.proxy.$Proxy2.processTestClass(Unknown Source)
	at org.gradle.api.internal.tasks.testing.worker.TestWorker.processTestClass(TestWorker.java:109)
	at sun.reflect.NativeMethodAccessorImpl.invoke0(Native Method)
	at sun.reflect.NativeMethodAccessorImpl.invoke(NativeMethodAccessorImpl.java:62)
	at sun.reflect.DelegatingMethodAccessorImpl.invoke(DelegatingMethodAccessorImpl.java:43)
	at java.lang.reflect.Method.invoke(Method.java:498)
	at org.gradle.messaging.dispatch.ReflectionDispatch.dispatch(ReflectionDispatch.java:35)
	at org.gradle.messaging.dispatch.ReflectionDispatch.dispatch(ReflectionDispatch.java:24)
	at org.gradle.messaging.remote.internal.hub.MessageHub$Handler.run(MessageHub.java:360)
	at org.gradle.internal.concurrent.ExecutorPolicy$CatchAndRecordFailures.onExecute(ExecutorPolicy.java:54)
	at org.gradle.internal.concurrent.StoppableExecutorImpl$1.run(StoppableExecutorImpl.java:40)
	at java.util.concurrent.ThreadPoolExecutor.runWorker(ThreadPoolExecutor.java:1142)
	at java.util.concurrent.ThreadPoolExecutor$Worker.run(ThreadPoolExecutor.java:617)
	at java.lang.Thread.run(Thread.java:745)
</failure>
  </testcase>
  <testcase name="wordIsCreatedTest" classname="AppTest" time="1.143">
    <failure message="java.lang.AssertionError: &#10;Expecting:&#10; &lt;&quot;&lt;?xml version=&quot;1.0&quot; encoding=&quot;UTF-8&quot;?&gt;&#13;&#10;&lt;html&gt;&#13;&#10;  &lt;head&gt;&#13;&#10;    &lt;title&gt;&#13;&#10;      Dictionary&#13;&#10;    &lt;/title&gt;&#13;&#10;    &lt;link href=&quot;/css/bootstrap-3.3.6-dist/css/bootstrap.css&quot; rel=&quot;stylesheet&quot;/&gt;&#13;&#10;    &lt;link rel=&quot;stylesheet&quot; href=&quot;/css/app.css&quot;/&gt;&#13;&#10;    &lt;script src=&quot;/js/jquery-1.12.2.js&quot;&gt;&#13;&#10;    &lt;/script&gt;&#13;&#10;    &lt;script src=&quot;/js/scripts.js&quot;&gt;&#13;&#10;    &lt;/script&gt;&#13;&#10;    &lt;script src=&quot;/css/bootstrap-3.3.6-dist/js/bootstrap.js&quot;&gt;&#13;&#10;    &lt;/script&gt;&#13;&#10;  &lt;/head&gt;&#13;&#10;  &lt;body&gt;&#13;&#10;    &lt;div class=&quot;container&quot;&gt;&#13;&#10;      &lt;!-- success.html --&gt;      &lt;h1&gt;&#13;&#10;        Success!&#13;&#10;      &lt;/h1&gt;&#13;&#10;      &lt;h2&gt;&#13;&#10;        Your word has been saved.&#13;&#10;      &lt;/h2&gt;&#13;&#10;      &lt;a href=&quot;/words&quot;&gt;&#13;&#10;        View Words list.&#13;&#10;      &lt;/a&gt;&#13;&#10;    &lt;/div&gt;&#13;&#10;  &lt;/body&gt;&#13;&#10;&lt;/html&gt;&#13;&#10;&quot;&gt;&#10;to contain:&#10; &lt;&quot;Your Word has been saved.&quot;&gt; " type="java.lang.AssertionError">java.lang.AssertionError: 
Expecting:
 &lt;&quot;&lt;?xml version=&quot;1.0&quot; encoding=&quot;UTF-8&quot;?&gt;
&lt;html&gt;
  &lt;head&gt;
    &lt;title&gt;
      Dictionary
    &lt;/title&gt;
    &lt;link href=&quot;/css/bootstrap-3.3.6-dist/css/bootstrap.css&quot; rel=&quot;stylesheet&quot;/&gt;
    &lt;link rel=&quot;stylesheet&quot; href=&quot;/css/app.css&quot;/&gt;
    &lt;script src=&quot;/js/jquery-1.12.2.js&quot;&gt;
    &lt;/script&gt;
    &lt;script src=&quot;/js/scripts.js&quot;&gt;
    &lt;/script&gt;
    &lt;script src=&quot;/css/bootstrap-3.3.6-dist/js/bootstrap.js&quot;&gt;
    &lt;/script&gt;
  &lt;/head&gt;
  &lt;body&gt;
    &lt;div class=&quot;container&quot;&gt;
      &lt;!-- success.html --&gt;      &lt;h1&gt;
        Success!
      &lt;/h1&gt;
      &lt;h2&gt;
        Your word has been saved.
      &lt;/h2&gt;
      &lt;a href=&quot;/words&quot;&gt;
        View Words list.
      &lt;/a&gt;
    &lt;/div&gt;
  &lt;/body&gt;
&lt;/html&gt;
&quot;&gt;
to contain:
 &lt;&quot;Your Word has been saved.&quot;&gt; 
	at AppTest.wordIsCreatedTest(AppTest.java:38)
	at sun.reflect.NativeMethodAccessorImpl.invoke0(Native Method)
	at sun.reflect.NativeMethodAccessorImpl.invoke(NativeMethodAccessorImpl.java:62)
	at sun.reflect.DelegatingMethodAccessorImpl.invoke(DelegatingMethodAccessorImpl.java:43)
	at java.lang.reflect.Method.invoke(Method.java:498)
	at org.junit.runners.model.FrameworkMethod$1.runReflectiveCall(FrameworkMethod.java:50)
	at org.junit.internal.runners.model.ReflectiveCallable.run(ReflectiveCallable.java:12)
	at org.junit.runners.model.FrameworkMethod.invokeExplosively(FrameworkMethod.java:47)
	at org.junit.internal.runners.statements.InvokeMethod.evaluate(InvokeMethod.java:17)
	at org.junit.rules.TestWatcher$1.evaluate(TestWatcher.java:55)
	at org.junit.rules.TestWatcher$1.evaluate(TestWatcher.java:55)
	at org.junit.rules.RunRules.evaluate(RunRules.java:20)
	at org.junit.runners.ParentRunner.runLeaf(ParentRunner.java:325)
	at org.junit.runners.BlockJUnit4ClassRunner.runChild(BlockJUnit4ClassRunner.java:78)
	at org.junit.runners.BlockJUnit4ClassRunner.runChild(BlockJUnit4ClassRunner.java:57)
	at org.junit.runners.ParentRunner$3.run(ParentRunner.java:290)
	at org.junit.runners.ParentRunner$1.schedule(ParentRunner.java:71)
	at org.junit.runners.ParentRunner.runChildren(ParentRunner.java:288)
	at org.junit.runners.ParentRunner.access$000(ParentRunner.java:58)
	at org.junit.runners.ParentRunner$2.evaluate(ParentRunner.java:268)
	at org.junit.internal.runners.statements.RunAfters.evaluate(RunAfters.java:27)
	at org.junit.rules.ExternalResource$1.evaluate(ExternalResource.java:48)
	at org.junit.rules.RunRules.evaluate(RunRules.java:20)
	at org.junit.runners.ParentRunner.run(ParentRunner.java:363)
	at org.gradle.api.internal.tasks.testing.junit.JUnitTestClassExecuter.runTestClass(JUnitTestClassExecuter.java:112)
	at org.gradle.api.internal.tasks.testing.junit.JUnitTestClassExecuter.execute(JUnitTestClassExecuter.java:56)
	at org.gradle.api.internal.tasks.testing.junit.JUnitTestClassProcessor.processTestClass(JUnitTestClassProcessor.java:66)
	at org.gradle.api.internal.tasks.testing.SuiteTestClassProcessor.processTestClass(SuiteTestClassProcessor.java:51)
	at sun.reflect.NativeMethodAccessorImpl.invoke0(Native Method)
	at sun.reflect.NativeMethodAccessorImpl.invoke(NativeMethodAccessorImpl.java:62)
	at sun.reflect.DelegatingMethodAccessorImpl.invoke(DelegatingMethodAccessorImpl.java:43)
	at java.lang.reflect.Method.invoke(Method.java:498)
	at org.gradle.messaging.dispatch.ReflectionDispatch.dispatch(ReflectionDispatch.java:35)
	at org.gradle.messaging.dispatch.ReflectionDispatch.dispatch(ReflectionDispatch.java:24)
	at org.gradle.messaging.dispatch.ContextClassLoaderDispatch.dispatch(ContextClassLoaderDispatch.java:32)
	at org.gradle.messaging.dispatch.ProxyDispatchAdapter$DispatchingInvocationHandler.invoke(ProxyDispatchAdapter.java:93)
	at com.sun.proxy.$Proxy2.processTestClass(Unknown Source)
	at org.gradle.api.internal.tasks.testing.worker.TestWorker.processTestClass(TestWorker.java:109)
	at sun.reflect.NativeMethodAccessorImpl.invoke0(Native Method)
	at sun.reflect.NativeMethodAccessorImpl.invoke(NativeMethodAccessorImpl.java:62)
	at sun.reflect.DelegatingMethodAccessorImpl.invoke(DelegatingMethodAccessorImpl.java:43)
	at java.lang.reflect.Method.invoke(Method.java:498)
	at org.gradle.messaging.dispatch.ReflectionDispatch.dispatch(ReflectionDispatch.java:35)
	at org.gradle.messaging.dispatch.ReflectionDispatch.dispatch(ReflectionDispatch.java:24)
	at org.gradle.messaging.remote.internal.hub.MessageHub$Handler.run(MessageHub.java:360)
	at org.gradle.internal.concurrent.ExecutorPolicy$CatchAndRecordFailures.onExecute(ExecutorPolicy.java:54)
	at org.gradle.internal.concurrent.StoppableExecutorImpl$1.run(StoppableExecutorImpl.java:40)
	at java.util.concurrent.ThreadPoolExecutor.runWorker(ThreadPoolExecutor.java:1142)
	at java.util.concurrent.ThreadPoolExecutor$Worker.run(ThreadPoolExecutor.java:617)
	at java.lang.Thread.run(Thread.java:745)
</failure>
  </testcase>
  <testcase name="wordShowPageDisplaysDefinition" classname="AppTest" time="0.794">
    <failure message="org.openqa.selenium.StaleElementReferenceException: Element appears to be stale. Did you navigate away from the page that contained it?  And is the current window focussed the same as the one holding this element?&#10;For documentation on this error, please visit: http://seleniumhq.org/exceptions/stale_element_reference.html&#10;Build info: version: '2.44.0', revision: '76d78cf323ce037c5f92db6c1bba601c2ac43ad8', time: '2014-10-23 13:11:40'&#10;System info: host: 'Nadins-MacBook-Pro.local', ip: '10.99.0.39', os.name: 'Mac OS X', os.arch: 'x86_64', os.version: '10.10.5', java.version: '1.8.0_91'&#10;Driver info: driver.version: HtmlUnitDriver" type="org.openqa.selenium.StaleElementReferenceException">org.openqa.selenium.StaleElementReferenceException: Element appears to be stale. Did you navigate away from the page that contained it?  And is the current window focussed the same as the one holding this element?
For documentation on this error, please visit: http://seleniumhq.org/exceptions/stale_element_reference.html
Build info: version: '2.44.0', revision: '76d78cf323ce037c5f92db6c1bba601c2ac43ad8', time: '2014-10-23 13:11:40'
System info: host: 'Nadins-MacBook-Pro.local', ip: '10.99.0.39', os.name: 'Mac OS X', os.arch: 'x86_64', os.version: '10.10.5', java.version: '1.8.0_91'
Driver info: driver.version: HtmlUnitDriver
	at org.openqa.selenium.htmlunit.HtmlUnitDriver.assertElementNotStale(HtmlUnitDriver.java:738)
	at org.openqa.selenium.htmlunit.HtmlUnitWebElement.assertElementNotStale(HtmlUnitWebElement.java:883)
	at org.openqa.selenium.htmlunit.HtmlUnitWebElement.isEnabled(HtmlUnitWebElement.java:490)
	at org.fluentlenium.core.domain.FluentWebElement.isEnabled(FluentWebElement.java:149)
	at org.fluentlenium.core.domain.FluentList.click(FluentList.java:61)
	at org.fluentlenium.core.Fluent.click(Fluent.java:442)
	at AppTest.wordShowPageDisplaysDefinition(AppTest.java:56)
	at sun.reflect.NativeMethodAccessorImpl.invoke0(Native Method)
	at sun.reflect.NativeMethodAccessorImpl.invoke(NativeMethodAccessorImpl.java:62)
	at sun.reflect.DelegatingMethodAccessorImpl.invoke(DelegatingMethodAccessorImpl.java:43)
	at java.lang.reflect.Method.invoke(Method.java:498)
	at org.junit.runners.model.FrameworkMethod$1.runReflectiveCall(FrameworkMethod.java:50)
	at org.junit.internal.runners.model.ReflectiveCallable.run(ReflectiveCallable.java:12)
	at org.junit.runners.model.FrameworkMethod.invokeExplosively(FrameworkMethod.java:47)
	at org.junit.internal.runners.statements.InvokeMethod.evaluate(InvokeMethod.java:17)
	at org.junit.rules.TestWatcher$1.evaluate(TestWatcher.java:55)
	at org.junit.rules.TestWatcher$1.evaluate(TestWatcher.java:55)
	at org.junit.rules.RunRules.evaluate(RunRules.java:20)
	at org.junit.runners.ParentRunner.runLeaf(ParentRunner.java:325)
	at org.junit.runners.BlockJUnit4ClassRunner.runChild(BlockJUnit4ClassRunner.java:78)
	at org.junit.runners.BlockJUnit4ClassRunner.runChild(BlockJUnit4ClassRunner.java:57)
	at org.junit.runners.ParentRunner$3.run(ParentRunner.java:290)
	at org.junit.runners.ParentRunner$1.schedule(ParentRunner.java:71)
	at org.junit.runners.ParentRunner.runChildren(ParentRunner.java:288)
	at org.junit.runners.ParentRunner.access$000(ParentRunner.java:58)
	at org.junit.runners.ParentRunner$2.evaluate(ParentRunner.java:268)
	at org.junit.internal.runners.statements.RunAfters.evaluate(RunAfters.java:27)
	at org.junit.rules.ExternalResource$1.evaluate(ExternalResource.java:48)
	at org.junit.rules.RunRules.evaluate(RunRules.java:20)
	at org.junit.runners.ParentRunner.run(ParentRunner.java:363)
	at org.gradle.api.internal.tasks.testing.junit.JUnitTestClassExecuter.runTestClass(JUnitTestClassExecuter.java:112)
	at org.gradle.api.internal.tasks.testing.junit.JUnitTestClassExecuter.execute(JUnitTestClassExecuter.java:56)
	at org.gradle.api.internal.tasks.testing.junit.JUnitTestClassProcessor.processTestClass(JUnitTestClassProcessor.java:66)
	at org.gradle.api.internal.tasks.testing.SuiteTestClassProcessor.processTestClass(SuiteTestClassProcessor.java:51)
	at sun.reflect.NativeMethodAccessorImpl.invoke0(Native Method)
	at sun.reflect.NativeMethodAccessorImpl.invoke(NativeMethodAccessorImpl.java:62)
	at sun.reflect.DelegatingMethodAccessorImpl.invoke(DelegatingMethodAccessorImpl.java:43)
	at java.lang.reflect.Method.invoke(Method.java:498)
	at org.gradle.messaging.dispatch.ReflectionDispatch.dispatch(ReflectionDispatch.java:35)
	at org.gradle.messaging.dispatch.ReflectionDispatch.dispatch(ReflectionDispatch.java:24)
	at org.gradle.messaging.dispatch.ContextClassLoaderDispatch.dispatch(ContextClassLoaderDispatch.java:32)
	at org.gradle.messaging.dispatch.ProxyDispatchAdapter$DispatchingInvocationHandler.invoke(ProxyDispatchAdapter.java:93)
	at com.sun.proxy.$Proxy2.processTestClass(Unknown Source)
	at org.gradle.api.internal.tasks.testing.worker.TestWorker.processTestClass(TestWorker.java:109)
	at sun.reflect.NativeMethodAccessorImpl.invoke0(Native Method)
	at sun.reflect.NativeMethodAccessorImpl.invoke(NativeMethodAccessorImpl.java:62)
	at sun.reflect.DelegatingMethodAccessorImpl.invoke(DelegatingMethodAccessorImpl.java:43)
	at java.lang.reflect.Method.invoke(Method.java:498)
	at org.gradle.messaging.dispatch.ReflectionDispatch.dispatch(ReflectionDispatch.java:35)
	at org.gradle.messaging.dispatch.ReflectionDispatch.dispatch(ReflectionDispatch.java:24)
	at org.gradle.messaging.remote.internal.hub.MessageHub$Handler.run(MessageHub.java:360)
	at org.gradle.internal.concurrent.ExecutorPolicy$CatchAndRecordFailures.onExecute(ExecutorPolicy.java:54)
	at org.gradle.internal.concurrent.StoppableExecutorImpl$1.run(StoppableExecutorImpl.java:40)
	at java.util.concurrent.ThreadPoolExecutor.runWorker(ThreadPoolExecutor.java:1142)
	at java.util.concurrent.ThreadPoolExecutor$Worker.run(ThreadPoolExecutor.java:617)
	at java.lang.Thread.run(Thread.java:745)
</failure>
  </testcase>
  <system-out><![CDATA[]]></system-out>
  <system-err><![CDATA[[Thread-4] INFO org.eclipse.jetty.util.log - Logging initialized @2339ms
[Thread-4] INFO spark.webserver.JettySparkServer - == Spark has ignited ...
[Thread-4] INFO spark.webserver.JettySparkServer - >> Listening on 0.0.0.0:4567
[Thread-4] INFO org.eclipse.jetty.server.Server - jetty-9.3.2.v20150730
[Thread-4] INFO org.eclipse.jetty.server.ServerConnector - Started ServerConnector@4d28694{HTTP/1.1,[http/1.1]}{0.0.0.0:4567}
[Thread-4] INFO org.eclipse.jetty.server.Server - Started @3817ms
Apr 29, 2016 10:52:24 PM com.gargoylesoftware.htmlunit.DefaultCssErrorHandler error
WARNING: CSS error: 'http://localhost:4567/css/bootstrap-3.3.6-dist/css/bootstrap.css' [1299:8] Error in media list. (Invalid token "(". Was expecting one of: <S>, <IDENT>.)
Apr 29, 2016 10:52:24 PM com.gargoylesoftware.htmlunit.DefaultCssErrorHandler error
WARNING: CSS error: 'http://localhost:4567/css/bootstrap-3.3.6-dist/css/bootstrap.css' [1455:8] Error in media list. (Invalid token "(". Was expecting one of: <S>, <IDENT>.)
Apr 29, 2016 10:52:24 PM com.gargoylesoftware.htmlunit.DefaultCssErrorHandler error
WARNING: CSS error: 'http://localhost:4567/css/bootstrap-3.3.6-dist/css/bootstrap.css' [1591:8] Error in media list. (Invalid token "(". Was expecting one of: <S>, <IDENT>.)
Apr 29, 2016 10:52:24 PM com.gargoylesoftware.htmlunit.DefaultCssErrorHandler error
WARNING: CSS error: 'http://localhost:4567/css/bootstrap-3.3.6-dist/css/bootstrap.css' [1596:8] Error in media list. (Invalid token "(". Was expecting one of: <S>, <IDENT>.)
Apr 29, 2016 10:52:24 PM com.gargoylesoftware.htmlunit.DefaultCssErrorHandler error
WARNING: CSS error: 'http://localhost:4567/css/bootstrap-3.3.6-dist/css/bootstrap.css' [1601:8] Error in media list. (Invalid token "(". Was expecting one of: <S>, <IDENT>.)
Apr 29, 2016 10:52:24 PM com.gargoylesoftware.htmlunit.DefaultCssErrorHandler error
WARNING: CSS error: 'http://localhost:4567/css/bootstrap-3.3.6-dist/css/bootstrap.css' [1778:8] Error in media list. (Invalid token "(". Was expecting one of: <S>, <IDENT>.)
Apr 29, 2016 10:52:24 PM com.gargoylesoftware.htmlunit.DefaultCssErrorHandler error
WARNING: CSS error: 'http://localhost:4567/css/bootstrap-3.3.6-dist/css/bootstrap.css' [1936:8] Error in media list. (Invalid token "(". Was expecting one of: <S>, <IDENT>.)
Apr 29, 2016 10:52:24 PM com.gargoylesoftware.htmlunit.DefaultCssErrorHandler error
WARNING: CSS error: 'http://localhost:4567/css/bootstrap-3.3.6-dist/css/bootstrap.css' [2094:8] Error in media list. (Invalid token "(". Was expecting one of: <S>, <IDENT>.)
Apr 29, 2016 10:52:24 PM com.gargoylesoftware.htmlunit.DefaultCssErrorHandler error
WARNING: CSS error: 'http://localhost:4567/css/bootstrap-3.3.6-dist/css/bootstrap.css' [2447:15] Error in @media rule. (Invalid token "and". Was expecting one of: <S>, <LBRACE>, <COMMA>.)
Apr 29, 2016 10:52:24 PM com.gargoylesoftware.htmlunit.DefaultCssErrorHandler warning
WARNING: CSS warning: 'http://localhost:4567/css/bootstrap-3.3.6-dist/css/bootstrap.css' [2447:15] Ignoring the whole rule.
Apr 29, 2016 10:52:24 PM com.gargoylesoftware.htmlunit.DefaultCssErrorHandler error
WARNING: CSS error: 'http://localhost:4567/css/bootstrap-3.3.6-dist/css/bootstrap.css' [2605:15] Error in @media rule. (Invalid token "and". Was expecting one of: <S>, <LBRACE>, <COMMA>.)
Apr 29, 2016 10:52:24 PM com.gargoylesoftware.htmlunit.DefaultCssErrorHandler warning
WARNING: CSS warning: 'http://localhost:4567/css/bootstrap-3.3.6-dist/css/bootstrap.css' [2605:15] Ignoring the whole rule.
Apr 29, 2016 10:52:24 PM com.gargoylesoftware.htmlunit.DefaultCssErrorHandler error
WARNING: CSS error: 'http://localhost:4567/css/bootstrap-3.3.6-dist/css/bootstrap.css' [2917:8] Error in media list. (Invalid token "(". Was expecting one of: <S>, <IDENT>.)
Apr 29, 2016 10:52:24 PM com.gargoylesoftware.htmlunit.DefaultCssErrorHandler error
WARNING: CSS error: 'http://localhost:4567/css/bootstrap-3.3.6-dist/css/bootstrap.css' [2983:8] Error in media list. (Invalid token "(". Was expecting one of: <S>, <IDENT>.)
Apr 29, 2016 10:52:24 PM com.gargoylesoftware.htmlunit.DefaultCssErrorHandler error
WARNING: CSS error: 'http://localhost:4567/css/bootstrap-3.3.6-dist/css/bootstrap.css' [2993:8] Error in media list. (Invalid token "(". Was expecting one of: <S>, <IDENT>.)
Apr 29, 2016 10:52:24 PM com.gargoylesoftware.htmlunit.DefaultCssErrorHandler error
WARNING: CSS error: 'http://localhost:4567/css/bootstrap-3.3.6-dist/css/bootstrap.css' [2999:8] Error in media list. (Invalid token "(". Was expecting one of: <S>, <IDENT>.)
Apr 29, 2016 10:52:24 PM com.gargoylesoftware.htmlunit.DefaultCssErrorHandler error
WARNING: CSS error: 'http://localhost:4567/css/bootstrap-3.3.6-dist/css/bootstrap.css' [3589:17] Error in expression; ':' found after identifier "progid".
Apr 29, 2016 10:52:24 PM com.gargoylesoftware.htmlunit.DefaultCssErrorHandler error
WARNING: CSS error: 'http://localhost:4567/css/bootstrap-3.3.6-dist/css/bootstrap.css' [3638:8] Error in media list. (Invalid token "(". Was expecting one of: <S>, <IDENT>.)
Apr 29, 2016 10:52:24 PM com.gargoylesoftware.htmlunit.DefaultCssErrorHandler error
WARNING: CSS error: 'http://localhost:4567/css/bootstrap-3.3.6-dist/css/bootstrap.css' [4061:8] Error in media list. (Invalid token "(". Was expecting one of: <S>, <IDENT>.)
Apr 29, 2016 10:52:24 PM com.gargoylesoftware.htmlunit.DefaultCssErrorHandler error
WARNING: CSS error: 'http://localhost:4567/css/bootstrap-3.3.6-dist/css/bootstrap.css' [4079:8] Error in media list. (Invalid token "(". Was expecting one of: <S>, <IDENT>.)
Apr 29, 2016 10:52:24 PM com.gargoylesoftware.htmlunit.DefaultCssErrorHandler error
WARNING: CSS error: 'http://localhost:4567/css/bootstrap-3.3.6-dist/css/bootstrap.css' [4126:8] Error in media list. (Invalid token "(". Was expecting one of: <S>, <IDENT>.)
Apr 29, 2016 10:52:24 PM com.gargoylesoftware.htmlunit.DefaultCssErrorHandler error
WARNING: CSS error: 'http://localhost:4567/css/bootstrap-3.3.6-dist/css/bootstrap.css' [4147:8] Error in media list. (Invalid token "(". Was expecting one of: <S>, <IDENT>.)
Apr 29, 2016 10:52:24 PM com.gargoylesoftware.htmlunit.DefaultCssErrorHandler error
WARNING: CSS error: 'http://localhost:4567/css/bootstrap-3.3.6-dist/css/bootstrap.css' [4175:8] Error in media list. (Invalid token "(". Was expecting one of: <S>, <IDENT>.)
Apr 29, 2016 10:52:24 PM com.gargoylesoftware.htmlunit.DefaultCssErrorHandler error
WARNING: CSS error: 'http://localhost:4567/css/bootstrap-3.3.6-dist/css/bootstrap.css' [4180:8] Error in media list. (Invalid token "(". Was expecting one of: <S>, <IDENT>.)
Apr 29, 2016 10:52:24 PM com.gargoylesoftware.htmlunit.DefaultCssErrorHandler error
WARNING: CSS error: 'http://localhost:4567/css/bootstrap-3.3.6-dist/css/bootstrap.css' [4197:8] Error in media list. (Invalid token "(". Was expecting one of: <S>, <IDENT>.)
Apr 29, 2016 10:52:24 PM com.gargoylesoftware.htmlunit.DefaultCssErrorHandler error
WARNING: CSS error: 'http://localhost:4567/css/bootstrap-3.3.6-dist/css/bootstrap.css' [4224:8] Error in media list. (Invalid token "(". Was expecting one of: <S>, <IDENT>.)
Apr 29, 2016 10:52:24 PM com.gargoylesoftware.htmlunit.DefaultCssErrorHandler error
WARNING: CSS error: 'http://localhost:4567/css/bootstrap-3.3.6-dist/css/bootstrap.css' [4237:8] Error in media list. (Invalid token "(". Was expecting one of: <S>, <IDENT>.)
Apr 29, 2016 10:52:24 PM com.gargoylesoftware.htmlunit.DefaultCssErrorHandler error
WARNING: CSS error: 'http://localhost:4567/css/bootstrap-3.3.6-dist/css/bootstrap.css' [4250:8] Error in media list. (Invalid token "(". Was expecting one of: <S>, <IDENT>.)
Apr 29, 2016 10:52:24 PM com.gargoylesoftware.htmlunit.DefaultCssErrorHandler error
WARNING: CSS error: 'http://localhost:4567/css/bootstrap-3.3.6-dist/css/bootstrap.css' [4262:8] Error in media list. (Invalid token "(". Was expecting one of: <S>, <IDENT>.)
Apr 29, 2016 10:52:24 PM com.gargoylesoftware.htmlunit.DefaultCssErrorHandler error
WARNING: CSS error: 'http://localhost:4567/css/bootstrap-3.3.6-dist/css/bootstrap.css' [4291:8] Error in media list. (Invalid token "(". Was expecting one of: <S>, <IDENT>.)
Apr 29, 2016 10:52:24 PM com.gargoylesoftware.htmlunit.DefaultCssErrorHandler error
WARNING: CSS error: 'http://localhost:4567/css/bootstrap-3.3.6-dist/css/bootstrap.css' [4321:8] Error in media list. (Invalid token "(". Was expecting one of: <S>, <IDENT>.)
Apr 29, 2016 10:52:24 PM com.gargoylesoftware.htmlunit.DefaultCssErrorHandler error
WARNING: CSS error: 'http://localhost:4567/css/bootstrap-3.3.6-dist/css/bootstrap.css' [4334:8] Error in media list. (Invalid token "(". Was expecting one of: <S>, <IDENT>.)
Apr 29, 2016 10:52:24 PM com.gargoylesoftware.htmlunit.DefaultCssErrorHandler error
WARNING: CSS error: 'http://localhost:4567/css/bootstrap-3.3.6-dist/css/bootstrap.css' [4357:8] Error in media list. (Invalid token "(". Was expecting one of: <S>, <IDENT>.)
Apr 29, 2016 10:52:24 PM com.gargoylesoftware.htmlunit.DefaultCssErrorHandler error
WARNING: CSS error: 'http://localhost:4567/css/bootstrap-3.3.6-dist/css/bootstrap.css' [4381:8] Error in media list. (Invalid token "(". Was expecting one of: <S>, <IDENT>.)
Apr 29, 2016 10:52:24 PM com.gargoylesoftware.htmlunit.DefaultCssErrorHandler error
WARNING: CSS error: 'http://localhost:4567/css/bootstrap-3.3.6-dist/css/bootstrap.css' [4431:8] Error in media list. (Invalid token "(". Was expecting one of: <S>, <IDENT>.)
Apr 29, 2016 10:52:24 PM com.gargoylesoftware.htmlunit.DefaultCssErrorHandler error
WARNING: CSS error: 'http://localhost:4567/css/bootstrap-3.3.6-dist/css/bootstrap.css' [4439:8] Error in media list. (Invalid token "(". Was expecting one of: <S>, <IDENT>.)
Apr 29, 2016 10:52:24 PM com.gargoylesoftware.htmlunit.DefaultCssErrorHandler error
WARNING: CSS error: 'http://localhost:4567/css/bootstrap-3.3.6-dist/css/bootstrap.css' [4479:8] Error in media list. (Invalid token "(". Was expecting one of: <S>, <IDENT>.)
Apr 29, 2016 10:52:24 PM com.gargoylesoftware.htmlunit.DefaultCssErrorHandler error
WARNING: CSS error: 'http://localhost:4567/css/bootstrap-3.3.6-dist/css/bootstrap.css' [4486:8] Error in media list. (Invalid token "(". Was expecting one of: <S>, <IDENT>.)
Apr 29, 2016 10:52:24 PM com.gargoylesoftware.htmlunit.DefaultCssErrorHandler error
WARNING: CSS error: 'http://localhost:4567/css/bootstrap-3.3.6-dist/css/bootstrap.css' [4553:8] Error in media list. (Invalid token "(". Was expecting one of: <S>, <IDENT>.)
Apr 29, 2016 10:52:24 PM com.gargoylesoftware.htmlunit.DefaultCssErrorHandler error
WARNING: CSS error: 'http://localhost:4567/css/bootstrap-3.3.6-dist/css/bootstrap.css' [4649:8] Error in media list. (Invalid token "(". Was expecting one of: <S>, <IDENT>.)
Apr 29, 2016 10:52:24 PM com.gargoylesoftware.htmlunit.DefaultCssErrorHandler error
WARNING: CSS error: 'http://localhost:4567/css/bootstrap-3.3.6-dist/css/bootstrap.css' [4989:15] Error in @media rule. (Invalid token "and". Was expecting one of: <S>, <LBRACE>, <COMMA>.)
Apr 29, 2016 10:52:24 PM com.gargoylesoftware.htmlunit.DefaultCssErrorHandler warning
WARNING: CSS warning: 'http://localhost:4567/css/bootstrap-3.3.6-dist/css/bootstrap.css' [4989:15] Ignoring the whole rule.
Apr 29, 2016 10:52:24 PM com.gargoylesoftware.htmlunit.DefaultCssErrorHandler error
WARNING: CSS error: 'http://localhost:4567/css/bootstrap-3.3.6-dist/css/bootstrap.css' [5974:8] Error in media list. (Invalid token "(". Was expecting one of: <S>, <IDENT>.)
Apr 29, 2016 10:52:24 PM com.gargoylesoftware.htmlunit.DefaultCssErrorHandler error
WARNING: CSS error: 'http://localhost:4567/css/bootstrap-3.3.6-dist/css/bootstrap.css' [5987:8] Error in media list. (Invalid token "(". Was expecting one of: <S>, <IDENT>.)
Apr 29, 2016 10:52:24 PM com.gargoylesoftware.htmlunit.DefaultCssErrorHandler error
WARNING: CSS error: 'http://localhost:4567/css/bootstrap-3.3.6-dist/css/bootstrap.css' [6259:12] Error in @media rule. (Invalid token "and". Was expecting one of: <S>, <LBRACE>, <COMMA>.)
Apr 29, 2016 10:52:24 PM com.gargoylesoftware.htmlunit.DefaultCssErrorHandler warning
WARNING: CSS warning: 'http://localhost:4567/css/bootstrap-3.3.6-dist/css/bootstrap.css' [6259:12] Ignoring the whole rule.
Apr 29, 2016 10:52:24 PM com.gargoylesoftware.htmlunit.DefaultCssErrorHandler error
WARNING: CSS error: 'http://localhost:4567/css/bootstrap-3.3.6-dist/css/bootstrap.css' [6339:17] Error in expression; ':' found after identifier "progid".
Apr 29, 2016 10:52:24 PM com.gargoylesoftware.htmlunit.DefaultCssErrorHandler error
WARNING: CSS error: 'http://localhost:4567/css/bootstrap-3.3.6-dist/css/bootstrap.css' [6349:17] Error in expression; ':' found after identifier "progid".
Apr 29, 2016 10:52:24 PM com.gargoylesoftware.htmlunit.DefaultCssErrorHandler error
WARNING: CSS error: 'http://localhost:4567/css/bootstrap-3.3.6-dist/css/bootstrap.css' [6437:15] Error in @media rule. (Invalid token "and". Was expecting one of: <S>, <LBRACE>, <COMMA>.)
Apr 29, 2016 10:52:24 PM com.gargoylesoftware.htmlunit.DefaultCssErrorHandler warning
WARNING: CSS warning: 'http://localhost:4567/css/bootstrap-3.3.6-dist/css/bootstrap.css' [6437:15] Ignoring the whole rule.
Apr 29, 2016 10:52:24 PM com.gargoylesoftware.htmlunit.DefaultCssErrorHandler error
WARNING: CSS error: 'http://localhost:4567/css/bootstrap-3.3.6-dist/css/bootstrap.css' [6573:8] Error in media list. (Invalid token "(". Was expecting one of: <S>, <IDENT>.)
Apr 29, 2016 10:52:24 PM com.gargoylesoftware.htmlunit.DefaultCssErrorHandler error
WARNING: CSS error: 'http://localhost:4567/css/bootstrap-3.3.6-dist/css/bootstrap.css' [6588:8] Error in media list. (Invalid token "(". Was expecting one of: <S>, <IDENT>.)
Apr 29, 2016 10:52:24 PM com.gargoylesoftware.htmlunit.DefaultCssErrorHandler error
WARNING: CSS error: 'http://localhost:4567/css/bootstrap-3.3.6-dist/css/bootstrap.css' [6593:8] Error in media list. (Invalid token "(". Was expecting one of: <S>, <IDENT>.)
Apr 29, 2016 10:52:24 PM com.gargoylesoftware.htmlunit.DefaultCssErrorHandler error
WARNING: CSS error: 'http://localhost:4567/css/bootstrap-3.3.6-dist/css/bootstrap.css' [6598:8] Error in media list. (Invalid token "(". Was expecting one of: <S>, <IDENT>.)
Apr 29, 2016 10:52:24 PM com.gargoylesoftware.htmlunit.DefaultCssErrorHandler error
WARNING: CSS error: 'http://localhost:4567/css/bootstrap-3.3.6-dist/css/bootstrap.css' [6603:8] Error in media list. (Invalid token "(". Was expecting one of: <S>, <IDENT>.)
Apr 29, 2016 10:52:24 PM com.gargoylesoftware.htmlunit.DefaultCssErrorHandler error
WARNING: CSS error: 'http://localhost:4567/css/bootstrap-3.3.6-dist/css/bootstrap.css' [6618:8] Error in media list. (Invalid token "(". Was expecting one of: <S>, <IDENT>.)
Apr 29, 2016 10:52:24 PM com.gargoylesoftware.htmlunit.DefaultCssErrorHandler error
WARNING: CSS error: 'http://localhost:4567/css/bootstrap-3.3.6-dist/css/bootstrap.css' [6623:8] Error in media list. (Invalid token "(". Was expecting one of: <S>, <IDENT>.)
Apr 29, 2016 10:52:24 PM com.gargoylesoftware.htmlunit.DefaultCssErrorHandler error
WARNING: CSS error: 'http://localhost:4567/css/bootstrap-3.3.6-dist/css/bootstrap.css' [6628:8] Error in media list. (Invalid token "(". Was expecting one of: <S>, <IDENT>.)
Apr 29, 2016 10:52:24 PM com.gargoylesoftware.htmlunit.DefaultCssErrorHandler error
WARNING: CSS error: 'http://localhost:4567/css/bootstrap-3.3.6-dist/css/bootstrap.css' [6633:8] Error in media list. (Invalid token "(". Was expecting one of: <S>, <IDENT>.)
Apr 29, 2016 10:52:24 PM com.gargoylesoftware.htmlunit.DefaultCssErrorHandler error
WARNING: CSS error: 'http://localhost:4567/css/bootstrap-3.3.6-dist/css/bootstrap.css' [6648:8] Error in media list. (Invalid token "(". Was expecting one of: <S>, <IDENT>.)
Apr 29, 2016 10:52:24 PM com.gargoylesoftware.htmlunit.DefaultCssErrorHandler error
WARNING: CSS error: 'http://localhost:4567/css/bootstrap-3.3.6-dist/css/bootstrap.css' [6653:8] Error in media list. (Invalid token "(". Was expecting one of: <S>, <IDENT>.)
Apr 29, 2016 10:52:24 PM com.gargoylesoftware.htmlunit.DefaultCssErrorHandler error
WARNING: CSS error: 'http://localhost:4567/css/bootstrap-3.3.6-dist/css/bootstrap.css' [6658:8] Error in media list. (Invalid token "(". Was expecting one of: <S>, <IDENT>.)
Apr 29, 2016 10:52:24 PM com.gargoylesoftware.htmlunit.DefaultCssErrorHandler error
WARNING: CSS error: 'http://localhost:4567/css/bootstrap-3.3.6-dist/css/bootstrap.css' [6663:8] Error in media list. (Invalid token "(". Was expecting one of: <S>, <IDENT>.)
Apr 29, 2016 10:52:24 PM com.gargoylesoftware.htmlunit.DefaultCssErrorHandler error
WARNING: CSS error: 'http://localhost:4567/css/bootstrap-3.3.6-dist/css/bootstrap.css' [6678:8] Error in media list. (Invalid token "(". Was expecting one of: <S>, <IDENT>.)
Apr 29, 2016 10:52:24 PM com.gargoylesoftware.htmlunit.DefaultCssErrorHandler error
WARNING: CSS error: 'http://localhost:4567/css/bootstrap-3.3.6-dist/css/bootstrap.css' [6683:8] Error in media list. (Invalid token "(". Was expecting one of: <S>, <IDENT>.)
Apr 29, 2016 10:52:24 PM com.gargoylesoftware.htmlunit.DefaultCssErrorHandler error
WARNING: CSS error: 'http://localhost:4567/css/bootstrap-3.3.6-dist/css/bootstrap.css' [6688:8] Error in media list. (Invalid token "(". Was expecting one of: <S>, <IDENT>.)
Apr 29, 2016 10:52:24 PM com.gargoylesoftware.htmlunit.DefaultCssErrorHandler error
WARNING: CSS error: 'http://localhost:4567/css/bootstrap-3.3.6-dist/css/bootstrap.css' [6693:8] Error in media list. (Invalid token "(". Was expecting one of: <S>, <IDENT>.)
Apr 29, 2016 10:52:24 PM com.gargoylesoftware.htmlunit.DefaultCssErrorHandler error
WARNING: CSS error: 'http://localhost:4567/css/bootstrap-3.3.6-dist/css/bootstrap.css' [6698:8] Error in media list. (Invalid token "(". Was expecting one of: <S>, <IDENT>.)
Apr 29, 2016 10:52:24 PM com.gargoylesoftware.htmlunit.DefaultCssErrorHandler error
WARNING: CSS error: 'http://localhost:4567/css/bootstrap-3.3.6-dist/css/bootstrap.css' [6703:8] Error in media list. (Invalid token "(". Was expecting one of: <S>, <IDENT>.)
Apr 29, 2016 10:52:24 PM com.gargoylesoftware.htmlunit.DefaultCssErrorHandler error
WARNING: CSS error: 'http://localhost:4567/css/bootstrap-3.3.6-dist/css/bootstrap.css' [6708:8] Error in media list. (Invalid token "(". Was expecting one of: <S>, <IDENT>.)
Apr 29, 2016 10:52:24 PM com.gargoylesoftware.htmlunit.DefaultCssErrorHandler error
WARNING: CSS error: 'http://localhost:4567/css/bootstrap-3.3.6-dist/css/bootstrap.css' [1299:8] Error in media list. (Invalid token "(". Was expecting one of: <S>, <IDENT>.)
Apr 29, 2016 10:52:24 PM com.gargoylesoftware.htmlunit.DefaultCssErrorHandler error
WARNING: CSS error: 'http://localhost:4567/css/bootstrap-3.3.6-dist/css/bootstrap.css' [1455:8] Error in media list. (Invalid token "(". Was expecting one of: <S>, <IDENT>.)
Apr 29, 2016 10:52:24 PM com.gargoylesoftware.htmlunit.DefaultCssErrorHandler error
WARNING: CSS error: 'http://localhost:4567/css/bootstrap-3.3.6-dist/css/bootstrap.css' [1591:8] Error in media list. (Invalid token "(". Was expecting one of: <S>, <IDENT>.)
Apr 29, 2016 10:52:24 PM com.gargoylesoftware.htmlunit.DefaultCssErrorHandler error
WARNING: CSS error: 'http://localhost:4567/css/bootstrap-3.3.6-dist/css/bootstrap.css' [1596:8] Error in media list. (Invalid token "(". Was expecting one of: <S>, <IDENT>.)
Apr 29, 2016 10:52:24 PM com.gargoylesoftware.htmlunit.DefaultCssErrorHandler error
WARNING: CSS error: 'http://localhost:4567/css/bootstrap-3.3.6-dist/css/bootstrap.css' [1601:8] Error in media list. (Invalid token "(". Was expecting one of: <S>, <IDENT>.)
Apr 29, 2016 10:52:24 PM com.gargoylesoftware.htmlunit.DefaultCssErrorHandler error
WARNING: CSS error: 'http://localhost:4567/css/bootstrap-3.3.6-dist/css/bootstrap.css' [1778:8] Error in media list. (Invalid token "(". Was expecting one of: <S>, <IDENT>.)
Apr 29, 2016 10:52:24 PM com.gargoylesoftware.htmlunit.DefaultCssErrorHandler error
WARNING: CSS error: 'http://localhost:4567/css/bootstrap-3.3.6-dist/css/bootstrap.css' [1936:8] Error in media list. (Invalid token "(". Was expecting one of: <S>, <IDENT>.)
Apr 29, 2016 10:52:24 PM com.gargoylesoftware.htmlunit.DefaultCssErrorHandler error
WARNING: CSS error: 'http://localhost:4567/css/bootstrap-3.3.6-dist/css/bootstrap.css' [2094:8] Error in media list. (Invalid token "(". Was expecting one of: <S>, <IDENT>.)
Apr 29, 2016 10:52:24 PM com.gargoylesoftware.htmlunit.DefaultCssErrorHandler error
WARNING: CSS error: 'http://localhost:4567/css/bootstrap-3.3.6-dist/css/bootstrap.css' [2447:15] Error in @media rule. (Invalid token "and". Was expecting one of: <S>, <LBRACE>, <COMMA>.)
Apr 29, 2016 10:52:24 PM com.gargoylesoftware.htmlunit.DefaultCssErrorHandler warning
WARNING: CSS warning: 'http://localhost:4567/css/bootstrap-3.3.6-dist/css/bootstrap.css' [2447:15] Ignoring the whole rule.
Apr 29, 2016 10:52:24 PM com.gargoylesoftware.htmlunit.DefaultCssErrorHandler error
WARNING: CSS error: 'http://localhost:4567/css/bootstrap-3.3.6-dist/css/bootstrap.css' [2605:15] Error in @media rule. (Invalid token "and". Was expecting one of: <S>, <LBRACE>, <COMMA>.)
Apr 29, 2016 10:52:24 PM com.gargoylesoftware.htmlunit.DefaultCssErrorHandler warning
WARNING: CSS warning: 'http://localhost:4567/css/bootstrap-3.3.6-dist/css/bootstrap.css' [2605:15] Ignoring the whole rule.
Apr 29, 2016 10:52:24 PM com.gargoylesoftware.htmlunit.DefaultCssErrorHandler error
WARNING: CSS error: 'http://localhost:4567/css/bootstrap-3.3.6-dist/css/bootstrap.css' [2917:8] Error in media list. (Invalid token "(". Was expecting one of: <S>, <IDENT>.)
Apr 29, 2016 10:52:24 PM com.gargoylesoftware.htmlunit.DefaultCssErrorHandler error
WARNING: CSS error: 'http://localhost:4567/css/bootstrap-3.3.6-dist/css/bootstrap.css' [2983:8] Error in media list. (Invalid token "(". Was expecting one of: <S>, <IDENT>.)
Apr 29, 2016 10:52:24 PM com.gargoylesoftware.htmlunit.DefaultCssErrorHandler error
WARNING: CSS error: 'http://localhost:4567/css/bootstrap-3.3.6-dist/css/bootstrap.css' [2993:8] Error in media list. (Invalid token "(". Was expecting one of: <S>, <IDENT>.)
Apr 29, 2016 10:52:24 PM com.gargoylesoftware.htmlunit.DefaultCssErrorHandler error
WARNING: CSS error: 'http://localhost:4567/css/bootstrap-3.3.6-dist/css/bootstrap.css' [2999:8] Error in media list. (Invalid token "(". Was expecting one of: <S>, <IDENT>.)
Apr 29, 2016 10:52:24 PM com.gargoylesoftware.htmlunit.DefaultCssErrorHandler error
WARNING: CSS error: 'http://localhost:4567/css/bootstrap-3.3.6-dist/css/bootstrap.css' [3589:17] Error in expression; ':' found after identifier "progid".
Apr 29, 2016 10:52:24 PM com.gargoylesoftware.htmlunit.DefaultCssErrorHandler error
WARNING: CSS error: 'http://localhost:4567/css/bootstrap-3.3.6-dist/css/bootstrap.css' [3638:8] Error in media list. (Invalid token "(". Was expecting one of: <S>, <IDENT>.)
Apr 29, 2016 10:52:24 PM com.gargoylesoftware.htmlunit.DefaultCssErrorHandler error
WARNING: CSS error: 'http://localhost:4567/css/bootstrap-3.3.6-dist/css/bootstrap.css' [4061:8] Error in media list. (Invalid token "(". Was expecting one of: <S>, <IDENT>.)
Apr 29, 2016 10:52:24 PM com.gargoylesoftware.htmlunit.DefaultCssErrorHandler error
WARNING: CSS error: 'http://localhost:4567/css/bootstrap-3.3.6-dist/css/bootstrap.css' [4079:8] Error in media list. (Invalid token "(". Was expecting one of: <S>, <IDENT>.)
Apr 29, 2016 10:52:24 PM com.gargoylesoftware.htmlunit.DefaultCssErrorHandler error
WARNING: CSS error: 'http://localhost:4567/css/bootstrap-3.3.6-dist/css/bootstrap.css' [4126:8] Error in media list. (Invalid token "(". Was expecting one of: <S>, <IDENT>.)
Apr 29, 2016 10:52:24 PM com.gargoylesoftware.htmlunit.DefaultCssErrorHandler error
WARNING: CSS error: 'http://localhost:4567/css/bootstrap-3.3.6-dist/css/bootstrap.css' [4147:8] Error in media list. (Invalid token "(". Was expecting one of: <S>, <IDENT>.)
Apr 29, 2016 10:52:24 PM com.gargoylesoftware.htmlunit.DefaultCssErrorHandler error
WARNING: CSS error: 'http://localhost:4567/css/bootstrap-3.3.6-dist/css/bootstrap.css' [4175:8] Error in media list. (Invalid token "(". Was expecting one of: <S>, <IDENT>.)
Apr 29, 2016 10:52:24 PM com.gargoylesoftware.htmlunit.DefaultCssErrorHandler error
WARNING: CSS error: 'http://localhost:4567/css/bootstrap-3.3.6-dist/css/bootstrap.css' [4180:8] Error in media list. (Invalid token "(". Was expecting one of: <S>, <IDENT>.)
Apr 29, 2016 10:52:24 PM com.gargoylesoftware.htmlunit.DefaultCssErrorHandler error
WARNING: CSS error: 'http://localhost:4567/css/bootstrap-3.3.6-dist/css/bootstrap.css' [4197:8] Error in media list. (Invalid token "(". Was expecting one of: <S>, <IDENT>.)
Apr 29, 2016 10:52:24 PM com.gargoylesoftware.htmlunit.DefaultCssErrorHandler error
WARNING: CSS error: 'http://localhost:4567/css/bootstrap-3.3.6-dist/css/bootstrap.css' [4224:8] Error in media list. (Invalid token "(". Was expecting one of: <S>, <IDENT>.)
Apr 29, 2016 10:52:24 PM com.gargoylesoftware.htmlunit.DefaultCssErrorHandler error
WARNING: CSS error: 'http://localhost:4567/css/bootstrap-3.3.6-dist/css/bootstrap.css' [4237:8] Error in media list. (Invalid token "(". Was expecting one of: <S>, <IDENT>.)
Apr 29, 2016 10:52:24 PM com.gargoylesoftware.htmlunit.DefaultCssErrorHandler error
WARNING: CSS error: 'http://localhost:4567/css/bootstrap-3.3.6-dist/css/bootstrap.css' [4250:8] Error in media list. (Invalid token "(". Was expecting one of: <S>, <IDENT>.)
Apr 29, 2016 10:52:24 PM com.gargoylesoftware.htmlunit.DefaultCssErrorHandler error
WARNING: CSS error: 'http://localhost:4567/css/bootstrap-3.3.6-dist/css/bootstrap.css' [4262:8] Error in media list. (Invalid token "(". Was expecting one of: <S>, <IDENT>.)
Apr 29, 2016 10:52:24 PM com.gargoylesoftware.htmlunit.DefaultCssErrorHandler error
WARNING: CSS error: 'http://localhost:4567/css/bootstrap-3.3.6-dist/css/bootstrap.css' [4291:8] Error in media list. (Invalid token "(". Was expecting one of: <S>, <IDENT>.)
Apr 29, 2016 10:52:24 PM com.gargoylesoftware.htmlunit.DefaultCssErrorHandler error
WARNING: CSS error: 'http://localhost:4567/css/bootstrap-3.3.6-dist/css/bootstrap.css' [4321:8] Error in media list. (Invalid token "(". Was expecting one of: <S>, <IDENT>.)
Apr 29, 2016 10:52:24 PM com.gargoylesoftware.htmlunit.DefaultCssErrorHandler error
WARNING: CSS error: 'http://localhost:4567/css/bootstrap-3.3.6-dist/css/bootstrap.css' [4334:8] Error in media list. (Invalid token "(". Was expecting one of: <S>, <IDENT>.)
Apr 29, 2016 10:52:24 PM com.gargoylesoftware.htmlunit.DefaultCssErrorHandler error
WARNING: CSS error: 'http://localhost:4567/css/bootstrap-3.3.6-dist/css/bootstrap.css' [4357:8] Error in media list. (Invalid token "(". Was expecting one of: <S>, <IDENT>.)
Apr 29, 2016 10:52:24 PM com.gargoylesoftware.htmlunit.DefaultCssErrorHandler error
WARNING: CSS error: 'http://localhost:4567/css/bootstrap-3.3.6-dist/css/bootstrap.css' [4381:8] Error in media list. (Invalid token "(". Was expecting one of: <S>, <IDENT>.)
Apr 29, 2016 10:52:24 PM com.gargoylesoftware.htmlunit.DefaultCssErrorHandler error
WARNING: CSS error: 'http://localhost:4567/css/bootstrap-3.3.6-dist/css/bootstrap.css' [4431:8] Error in media list. (Invalid token "(". Was expecting one of: <S>, <IDENT>.)
Apr 29, 2016 10:52:24 PM com.gargoylesoftware.htmlunit.DefaultCssErrorHandler error
WARNING: CSS error: 'http://localhost:4567/css/bootstrap-3.3.6-dist/css/bootstrap.css' [4439:8] Error in media list. (Invalid token "(". Was expecting one of: <S>, <IDENT>.)
Apr 29, 2016 10:52:24 PM com.gargoylesoftware.htmlunit.DefaultCssErrorHandler error
WARNING: CSS error: 'http://localhost:4567/css/bootstrap-3.3.6-dist/css/bootstrap.css' [4479:8] Error in media list. (Invalid token "(". Was expecting one of: <S>, <IDENT>.)
Apr 29, 2016 10:52:24 PM com.gargoylesoftware.htmlunit.DefaultCssErrorHandler error
WARNING: CSS error: 'http://localhost:4567/css/bootstrap-3.3.6-dist/css/bootstrap.css' [4486:8] Error in media list. (Invalid token "(". Was expecting one of: <S>, <IDENT>.)
Apr 29, 2016 10:52:25 PM com.gargoylesoftware.htmlunit.DefaultCssErrorHandler error
WARNING: CSS error: 'http://localhost:4567/css/bootstrap-3.3.6-dist/css/bootstrap.css' [4553:8] Error in media list. (Invalid token "(". Was expecting one of: <S>, <IDENT>.)
Apr 29, 2016 10:52:25 PM com.gargoylesoftware.htmlunit.DefaultCssErrorHandler error
WARNING: CSS error: 'http://localhost:4567/css/bootstrap-3.3.6-dist/css/bootstrap.css' [4649:8] Error in media list. (Invalid token "(". Was expecting one of: <S>, <IDENT>.)
Apr 29, 2016 10:52:25 PM com.gargoylesoftware.htmlunit.DefaultCssErrorHandler error
WARNING: CSS error: 'http://localhost:4567/css/bootstrap-3.3.6-dist/css/bootstrap.css' [4989:15] Error in @media rule. (Invalid token "and". Was expecting one of: <S>, <LBRACE>, <COMMA>.)
Apr 29, 2016 10:52:25 PM com.gargoylesoftware.htmlunit.DefaultCssErrorHandler warning
WARNING: CSS warning: 'http://localhost:4567/css/bootstrap-3.3.6-dist/css/bootstrap.css' [4989:15] Ignoring the whole rule.
Apr 29, 2016 10:52:25 PM com.gargoylesoftware.htmlunit.DefaultCssErrorHandler error
WARNING: CSS error: 'http://localhost:4567/css/bootstrap-3.3.6-dist/css/bootstrap.css' [5974:8] Error in media list. (Invalid token "(". Was expecting one of: <S>, <IDENT>.)
Apr 29, 2016 10:52:25 PM com.gargoylesoftware.htmlunit.DefaultCssErrorHandler error
WARNING: CSS error: 'http://localhost:4567/css/bootstrap-3.3.6-dist/css/bootstrap.css' [5987:8] Error in media list. (Invalid token "(". Was expecting one of: <S>, <IDENT>.)
Apr 29, 2016 10:52:25 PM com.gargoylesoftware.htmlunit.DefaultCssErrorHandler error
WARNING: CSS error: 'http://localhost:4567/css/bootstrap-3.3.6-dist/css/bootstrap.css' [6259:12] Error in @media rule. (Invalid token "and". Was expecting one of: <S>, <LBRACE>, <COMMA>.)
Apr 29, 2016 10:52:25 PM com.gargoylesoftware.htmlunit.DefaultCssErrorHandler warning
WARNING: CSS warning: 'http://localhost:4567/css/bootstrap-3.3.6-dist/css/bootstrap.css' [6259:12] Ignoring the whole rule.
Apr 29, 2016 10:52:25 PM com.gargoylesoftware.htmlunit.DefaultCssErrorHandler error
WARNING: CSS error: 'http://localhost:4567/css/bootstrap-3.3.6-dist/css/bootstrap.css' [6339:17] Error in expression; ':' found after identifier "progid".
Apr 29, 2016 10:52:25 PM com.gargoylesoftware.htmlunit.DefaultCssErrorHandler error
WARNING: CSS error: 'http://localhost:4567/css/bootstrap-3.3.6-dist/css/bootstrap.css' [6349:17] Error in expression; ':' found after identifier "progid".
Apr 29, 2016 10:52:25 PM com.gargoylesoftware.htmlunit.DefaultCssErrorHandler error
WARNING: CSS error: 'http://localhost:4567/css/bootstrap-3.3.6-dist/css/bootstrap.css' [6437:15] Error in @media rule. (Invalid token "and". Was expecting one of: <S>, <LBRACE>, <COMMA>.)
Apr 29, 2016 10:52:25 PM com.gargoylesoftware.htmlunit.DefaultCssErrorHandler warning
WARNING: CSS warning: 'http://localhost:4567/css/bootstrap-3.3.6-dist/css/bootstrap.css' [6437:15] Ignoring the whole rule.
Apr 29, 2016 10:52:25 PM com.gargoylesoftware.htmlunit.DefaultCssErrorHandler error
WARNING: CSS error: 'http://localhost:4567/css/bootstrap-3.3.6-dist/css/bootstrap.css' [6573:8] Error in media list. (Invalid token "(". Was expecting one of: <S>, <IDENT>.)
Apr 29, 2016 10:52:25 PM com.gargoylesoftware.htmlunit.DefaultCssErrorHandler error
WARNING: CSS error: 'http://localhost:4567/css/bootstrap-3.3.6-dist/css/bootstrap.css' [6588:8] Error in media list. (Invalid token "(". Was expecting one of: <S>, <IDENT>.)
Apr 29, 2016 10:52:25 PM com.gargoylesoftware.htmlunit.DefaultCssErrorHandler error
WARNING: CSS error: 'http://localhost:4567/css/bootstrap-3.3.6-dist/css/bootstrap.css' [6593:8] Error in media list. (Invalid token "(". Was expecting one of: <S>, <IDENT>.)
Apr 29, 2016 10:52:25 PM com.gargoylesoftware.htmlunit.DefaultCssErrorHandler error
WARNING: CSS error: 'http://localhost:4567/css/bootstrap-3.3.6-dist/css/bootstrap.css' [6598:8] Error in media list. (Invalid token "(". Was expecting one of: <S>, <IDENT>.)
Apr 29, 2016 10:52:25 PM com.gargoylesoftware.htmlunit.DefaultCssErrorHandler error
WARNING: CSS error: 'http://localhost:4567/css/bootstrap-3.3.6-dist/css/bootstrap.css' [6603:8] Error in media list. (Invalid token "(". Was expecting one of: <S>, <IDENT>.)
Apr 29, 2016 10:52:25 PM com.gargoylesoftware.htmlunit.DefaultCssErrorHandler error
WARNING: CSS error: 'http://localhost:4567/css/bootstrap-3.3.6-dist/css/bootstrap.css' [6618:8] Error in media list. (Invalid token "(". Was expecting one of: <S>, <IDENT>.)
Apr 29, 2016 10:52:25 PM com.gargoylesoftware.htmlunit.DefaultCssErrorHandler error
WARNING: CSS error: 'http://localhost:4567/css/bootstrap-3.3.6-dist/css/bootstrap.css' [6623:8] Error in media list. (Invalid token "(". Was expecting one of: <S>, <IDENT>.)
Apr 29, 2016 10:52:25 PM com.gargoylesoftware.htmlunit.DefaultCssErrorHandler error
WARNING: CSS error: 'http://localhost:4567/css/bootstrap-3.3.6-dist/css/bootstrap.css' [6628:8] Error in media list. (Invalid token "(". Was expecting one of: <S>, <IDENT>.)
Apr 29, 2016 10:52:25 PM com.gargoylesoftware.htmlunit.DefaultCssErrorHandler error
WARNING: CSS error: 'http://localhost:4567/css/bootstrap-3.3.6-dist/css/bootstrap.css' [6633:8] Error in media list. (Invalid token "(". Was expecting one of: <S>, <IDENT>.)
Apr 29, 2016 10:52:25 PM com.gargoylesoftware.htmlunit.DefaultCssErrorHandler error
WARNING: CSS error: 'http://localhost:4567/css/bootstrap-3.3.6-dist/css/bootstrap.css' [6648:8] Error in media list. (Invalid token "(". Was expecting one of: <S>, <IDENT>.)
Apr 29, 2016 10:52:25 PM com.gargoylesoftware.htmlunit.DefaultCssErrorHandler error
WARNING: CSS error: 'http://localhost:4567/css/bootstrap-3.3.6-dist/css/bootstrap.css' [6653:8] Error in media list. (Invalid token "(". Was expecting one of: <S>, <IDENT>.)
Apr 29, 2016 10:52:25 PM com.gargoylesoftware.htmlunit.DefaultCssErrorHandler error
WARNING: CSS error: 'http://localhost:4567/css/bootstrap-3.3.6-dist/css/bootstrap.css' [6658:8] Error in media list. (Invalid token "(". Was expecting one of: <S>, <IDENT>.)
Apr 29, 2016 10:52:25 PM com.gargoylesoftware.htmlunit.DefaultCssErrorHandler error
WARNING: CSS error: 'http://localhost:4567/css/bootstrap-3.3.6-dist/css/bootstrap.css' [6663:8] Error in media list. (Invalid token "(". Was expecting one of: <S>, <IDENT>.)
Apr 29, 2016 10:52:25 PM com.gargoylesoftware.htmlunit.DefaultCssErrorHandler error
WARNING: CSS error: 'http://localhost:4567/css/bootstrap-3.3.6-dist/css/bootstrap.css' [6678:8] Error in media list. (Invalid token "(". Was expecting one of: <S>, <IDENT>.)
Apr 29, 2016 10:52:25 PM com.gargoylesoftware.htmlunit.DefaultCssErrorHandler error
WARNING: CSS error: 'http://localhost:4567/css/bootstrap-3.3.6-dist/css/bootstrap.css' [6683:8] Error in media list. (Invalid token "(". Was expecting one of: <S>, <IDENT>.)
Apr 29, 2016 10:52:25 PM com.gargoylesoftware.htmlunit.DefaultCssErrorHandler error
WARNING: CSS error: 'http://localhost:4567/css/bootstrap-3.3.6-dist/css/bootstrap.css' [6688:8] Error in media list. (Invalid token "(". Was expecting one of: <S>, <IDENT>.)
Apr 29, 2016 10:52:25 PM com.gargoylesoftware.htmlunit.DefaultCssErrorHandler error
WARNING: CSS error: 'http://localhost:4567/css/bootstrap-3.3.6-dist/css/bootstrap.css' [6693:8] Error in media list. (Invalid token "(". Was expecting one of: <S>, <IDENT>.)
Apr 29, 2016 10:52:25 PM com.gargoylesoftware.htmlunit.DefaultCssErrorHandler error
WARNING: CSS error: 'http://localhost:4567/css/bootstrap-3.3.6-dist/css/bootstrap.css' [6698:8] Error in media list. (Invalid token "(". Was expecting one of: <S>, <IDENT>.)
Apr 29, 2016 10:52:25 PM com.gargoylesoftware.htmlunit.DefaultCssErrorHandler error
WARNING: CSS error: 'http://localhost:4567/css/bootstrap-3.3.6-dist/css/bootstrap.css' [6703:8] Error in media list. (Invalid token "(". Was expecting one of: <S>, <IDENT>.)
Apr 29, 2016 10:52:25 PM com.gargoylesoftware.htmlunit.DefaultCssErrorHandler error
WARNING: CSS error: 'http://localhost:4567/css/bootstrap-3.3.6-dist/css/bootstrap.css' [6708:8] Error in media list. (Invalid token "(". Was expecting one of: <S>, <IDENT>.)
Apr 29, 2016 10:52:25 PM com.gargoylesoftware.htmlunit.DefaultCssErrorHandler error
WARNING: CSS error: 'http://localhost:4567/css/bootstrap-3.3.6-dist/css/bootstrap.css' [1299:8] Error in media list. (Invalid token "(". Was expecting one of: <S>, <IDENT>.)
Apr 29, 2016 10:52:25 PM com.gargoylesoftware.htmlunit.DefaultCssErrorHandler error
WARNING: CSS error: 'http://localhost:4567/css/bootstrap-3.3.6-dist/css/bootstrap.css' [1455:8] Error in media list. (Invalid token "(". Was expecting one of: <S>, <IDENT>.)
Apr 29, 2016 10:52:25 PM com.gargoylesoftware.htmlunit.DefaultCssErrorHandler error
WARNING: CSS error: 'http://localhost:4567/css/bootstrap-3.3.6-dist/css/bootstrap.css' [1591:8] Error in media list. (Invalid token "(". Was expecting one of: <S>, <IDENT>.)
Apr 29, 2016 10:52:25 PM com.gargoylesoftware.htmlunit.DefaultCssErrorHandler error
WARNING: CSS error: 'http://localhost:4567/css/bootstrap-3.3.6-dist/css/bootstrap.css' [1596:8] Error in media list. (Invalid token "(". Was expecting one of: <S>, <IDENT>.)
Apr 29, 2016 10:52:25 PM com.gargoylesoftware.htmlunit.DefaultCssErrorHandler error
WARNING: CSS error: 'http://localhost:4567/css/bootstrap-3.3.6-dist/css/bootstrap.css' [1601:8] Error in media list. (Invalid token "(". Was expecting one of: <S>, <IDENT>.)
Apr 29, 2016 10:52:25 PM com.gargoylesoftware.htmlunit.DefaultCssErrorHandler error
WARNING: CSS error: 'http://localhost:4567/css/bootstrap-3.3.6-dist/css/bootstrap.css' [1778:8] Error in media list. (Invalid token "(". Was expecting one of: <S>, <IDENT>.)
Apr 29, 2016 10:52:25 PM com.gargoylesoftware.htmlunit.DefaultCssErrorHandler error
WARNING: CSS error: 'http://localhost:4567/css/bootstrap-3.3.6-dist/css/bootstrap.css' [1936:8] Error in media list. (Invalid token "(". Was expecting one of: <S>, <IDENT>.)
Apr 29, 2016 10:52:25 PM com.gargoylesoftware.htmlunit.DefaultCssErrorHandler error
WARNING: CSS error: 'http://localhost:4567/css/bootstrap-3.3.6-dist/css/bootstrap.css' [2094:8] Error in media list. (Invalid token "(". Was expecting one of: <S>, <IDENT>.)
Apr 29, 2016 10:52:25 PM com.gargoylesoftware.htmlunit.DefaultCssErrorHandler error
WARNING: CSS error: 'http://localhost:4567/css/bootstrap-3.3.6-dist/css/bootstrap.css' [2447:15] Error in @media rule. (Invalid token "and". Was expecting one of: <S>, <LBRACE>, <COMMA>.)
Apr 29, 2016 10:52:25 PM com.gargoylesoftware.htmlunit.DefaultCssErrorHandler warning
WARNING: CSS warning: 'http://localhost:4567/css/bootstrap-3.3.6-dist/css/bootstrap.css' [2447:15] Ignoring the whole rule.
Apr 29, 2016 10:52:25 PM com.gargoylesoftware.htmlunit.DefaultCssErrorHandler error
WARNING: CSS error: 'http://localhost:4567/css/bootstrap-3.3.6-dist/css/bootstrap.css' [2605:15] Error in @media rule. (Invalid token "and". Was expecting one of: <S>, <LBRACE>, <COMMA>.)
Apr 29, 2016 10:52:25 PM com.gargoylesoftware.htmlunit.DefaultCssErrorHandler warning
WARNING: CSS warning: 'http://localhost:4567/css/bootstrap-3.3.6-dist/css/bootstrap.css' [2605:15] Ignoring the whole rule.
Apr 29, 2016 10:52:25 PM com.gargoylesoftware.htmlunit.DefaultCssErrorHandler error
WARNING: CSS error: 'http://localhost:4567/css/bootstrap-3.3.6-dist/css/bootstrap.css' [2917:8] Error in media list. (Invalid token "(". Was expecting one of: <S>, <IDENT>.)
Apr 29, 2016 10:52:25 PM com.gargoylesoftware.htmlunit.DefaultCssErrorHandler error
WARNING: CSS error: 'http://localhost:4567/css/bootstrap-3.3.6-dist/css/bootstrap.css' [2983:8] Error in media list. (Invalid token "(". Was expecting one of: <S>, <IDENT>.)
Apr 29, 2016 10:52:25 PM com.gargoylesoftware.htmlunit.DefaultCssErrorHandler error
WARNING: CSS error: 'http://localhost:4567/css/bootstrap-3.3.6-dist/css/bootstrap.css' [2993:8] Error in media list. (Invalid token "(". Was expecting one of: <S>, <IDENT>.)
Apr 29, 2016 10:52:25 PM com.gargoylesoftware.htmlunit.DefaultCssErrorHandler error
WARNING: CSS error: 'http://localhost:4567/css/bootstrap-3.3.6-dist/css/bootstrap.css' [2999:8] Error in media list. (Invalid token "(". Was expecting one of: <S>, <IDENT>.)
Apr 29, 2016 10:52:25 PM com.gargoylesoftware.htmlunit.DefaultCssErrorHandler error
WARNING: CSS error: 'http://localhost:4567/css/bootstrap-3.3.6-dist/css/bootstrap.css' [3589:17] Error in expression; ':' found after identifier "progid".
Apr 29, 2016 10:52:25 PM com.gargoylesoftware.htmlunit.DefaultCssErrorHandler error
WARNING: CSS error: 'http://localhost:4567/css/bootstrap-3.3.6-dist/css/bootstrap.css' [3638:8] Error in media list. (Invalid token "(". Was expecting one of: <S>, <IDENT>.)
Apr 29, 2016 10:52:25 PM com.gargoylesoftware.htmlunit.DefaultCssErrorHandler error
WARNING: CSS error: 'http://localhost:4567/css/bootstrap-3.3.6-dist/css/bootstrap.css' [4061:8] Error in media list. (Invalid token "(". Was expecting one of: <S>, <IDENT>.)
Apr 29, 2016 10:52:25 PM com.gargoylesoftware.htmlunit.DefaultCssErrorHandler error
WARNING: CSS error: 'http://localhost:4567/css/bootstrap-3.3.6-dist/css/bootstrap.css' [4079:8] Error in media list. (Invalid token "(". Was expecting one of: <S>, <IDENT>.)
Apr 29, 2016 10:52:25 PM com.gargoylesoftware.htmlunit.DefaultCssErrorHandler error
WARNING: CSS error: 'http://localhost:4567/css/bootstrap-3.3.6-dist/css/bootstrap.css' [4126:8] Error in media list. (Invalid token "(". Was expecting one of: <S>, <IDENT>.)
Apr 29, 2016 10:52:25 PM com.gargoylesoftware.htmlunit.DefaultCssErrorHandler error
WARNING: CSS error: 'http://localhost:4567/css/bootstrap-3.3.6-dist/css/bootstrap.css' [4147:8] Error in media list. (Invalid token "(". Was expecting one of: <S>, <IDENT>.)
Apr 29, 2016 10:52:25 PM com.gargoylesoftware.htmlunit.DefaultCssErrorHandler error
WARNING: CSS error: 'http://localhost:4567/css/bootstrap-3.3.6-dist/css/bootstrap.css' [4175:8] Error in media list. (Invalid token "(". Was expecting one of: <S>, <IDENT>.)
Apr 29, 2016 10:52:25 PM com.gargoylesoftware.htmlunit.DefaultCssErrorHandler error
WARNING: CSS error: 'http://localhost:4567/css/bootstrap-3.3.6-dist/css/bootstrap.css' [4180:8] Error in media list. (Invalid token "(". Was expecting one of: <S>, <IDENT>.)
Apr 29, 2016 10:52:25 PM com.gargoylesoftware.htmlunit.DefaultCssErrorHandler error
WARNING: CSS error: 'http://localhost:4567/css/bootstrap-3.3.6-dist/css/bootstrap.css' [4197:8] Error in media list. (Invalid token "(". Was expecting one of: <S>, <IDENT>.)
Apr 29, 2016 10:52:25 PM com.gargoylesoftware.htmlunit.DefaultCssErrorHandler error
WARNING: CSS error: 'http://localhost:4567/css/bootstrap-3.3.6-dist/css/bootstrap.css' [4224:8] Error in media list. (Invalid token "(". Was expecting one of: <S>, <IDENT>.)
Apr 29, 2016 10:52:25 PM com.gargoylesoftware.htmlunit.DefaultCssErrorHandler error
WARNING: CSS error: 'http://localhost:4567/css/bootstrap-3.3.6-dist/css/bootstrap.css' [4237:8] Error in media list. (Invalid token "(". Was expecting one of: <S>, <IDENT>.)
Apr 29, 2016 10:52:25 PM com.gargoylesoftware.htmlunit.DefaultCssErrorHandler error
WARNING: CSS error: 'http://localhost:4567/css/bootstrap-3.3.6-dist/css/bootstrap.css' [4250:8] Error in media list. (Invalid token "(". Was expecting one of: <S>, <IDENT>.)
Apr 29, 2016 10:52:25 PM com.gargoylesoftware.htmlunit.DefaultCssErrorHandler error
WARNING: CSS error: 'http://localhost:4567/css/bootstrap-3.3.6-dist/css/bootstrap.css' [4262:8] Error in media list. (Invalid token "(". Was expecting one of: <S>, <IDENT>.)
Apr 29, 2016 10:52:25 PM com.gargoylesoftware.htmlunit.DefaultCssErrorHandler error
WARNING: CSS error: 'http://localhost:4567/css/bootstrap-3.3.6-dist/css/bootstrap.css' [4291:8] Error in media list. (Invalid token "(". Was expecting one of: <S>, <IDENT>.)
Apr 29, 2016 10:52:25 PM com.gargoylesoftware.htmlunit.DefaultCssErrorHandler error
WARNING: CSS error: 'http://localhost:4567/css/bootstrap-3.3.6-dist/css/bootstrap.css' [4321:8] Error in media list. (Invalid token "(". Was expecting one of: <S>, <IDENT>.)
Apr 29, 2016 10:52:25 PM com.gargoylesoftware.htmlunit.DefaultCssErrorHandler error
WARNING: CSS error: 'http://localhost:4567/css/bootstrap-3.3.6-dist/css/bootstrap.css' [4334:8] Error in media list. (Invalid token "(". Was expecting one of: <S>, <IDENT>.)
Apr 29, 2016 10:52:25 PM com.gargoylesoftware.htmlunit.DefaultCssErrorHandler error
WARNING: CSS error: 'http://localhost:4567/css/bootstrap-3.3.6-dist/css/bootstrap.css' [4357:8] Error in media list. (Invalid token "(". Was expecting one of: <S>, <IDENT>.)
Apr 29, 2016 10:52:25 PM com.gargoylesoftware.htmlunit.DefaultCssErrorHandler error
WARNING: CSS error: 'http://localhost:4567/css/bootstrap-3.3.6-dist/css/bootstrap.css' [4381:8] Error in media list. (Invalid token "(". Was expecting one of: <S>, <IDENT>.)
Apr 29, 2016 10:52:25 PM com.gargoylesoftware.htmlunit.DefaultCssErrorHandler error
WARNING: CSS error: 'http://localhost:4567/css/bootstrap-3.3.6-dist/css/bootstrap.css' [4431:8] Error in media list. (Invalid token "(". Was expecting one of: <S>, <IDENT>.)
Apr 29, 2016 10:52:25 PM com.gargoylesoftware.htmlunit.DefaultCssErrorHandler error
WARNING: CSS error: 'http://localhost:4567/css/bootstrap-3.3.6-dist/css/bootstrap.css' [4439:8] Error in media list. (Invalid token "(". Was expecting one of: <S>, <IDENT>.)
Apr 29, 2016 10:52:25 PM com.gargoylesoftware.htmlunit.DefaultCssErrorHandler error
WARNING: CSS error: 'http://localhost:4567/css/bootstrap-3.3.6-dist/css/bootstrap.css' [4479:8] Error in media list. (Invalid token "(". Was expecting one of: <S>, <IDENT>.)
Apr 29, 2016 10:52:25 PM com.gargoylesoftware.htmlunit.DefaultCssErrorHandler error
WARNING: CSS error: 'http://localhost:4567/css/bootstrap-3.3.6-dist/css/bootstrap.css' [4486:8] Error in media list. (Invalid token "(". Was expecting one of: <S>, <IDENT>.)
Apr 29, 2016 10:52:25 PM com.gargoylesoftware.htmlunit.DefaultCssErrorHandler error
WARNING: CSS error: 'http://localhost:4567/css/bootstrap-3.3.6-dist/css/bootstrap.css' [4553:8] Error in media list. (Invalid token "(". Was expecting one of: <S>, <IDENT>.)
Apr 29, 2016 10:52:25 PM com.gargoylesoftware.htmlunit.DefaultCssErrorHandler error
WARNING: CSS error: 'http://localhost:4567/css/bootstrap-3.3.6-dist/css/bootstrap.css' [4649:8] Error in media list. (Invalid token "(". Was expecting one of: <S>, <IDENT>.)
Apr 29, 2016 10:52:25 PM com.gargoylesoftware.htmlunit.DefaultCssErrorHandler error
WARNING: CSS error: 'http://localhost:4567/css/bootstrap-3.3.6-dist/css/bootstrap.css' [4989:15] Error in @media rule. (Invalid token "and". Was expecting one of: <S>, <LBRACE>, <COMMA>.)
Apr 29, 2016 10:52:25 PM com.gargoylesoftware.htmlunit.DefaultCssErrorHandler warning
WARNING: CSS warning: 'http://localhost:4567/css/bootstrap-3.3.6-dist/css/bootstrap.css' [4989:15] Ignoring the whole rule.
Apr 29, 2016 10:52:25 PM com.gargoylesoftware.htmlunit.DefaultCssErrorHandler error
WARNING: CSS error: 'http://localhost:4567/css/bootstrap-3.3.6-dist/css/bootstrap.css' [5974:8] Error in media list. (Invalid token "(". Was expecting one of: <S>, <IDENT>.)
Apr 29, 2016 10:52:25 PM com.gargoylesoftware.htmlunit.DefaultCssErrorHandler error
WARNING: CSS error: 'http://localhost:4567/css/bootstrap-3.3.6-dist/css/bootstrap.css' [5987:8] Error in media list. (Invalid token "(". Was expecting one of: <S>, <IDENT>.)
Apr 29, 2016 10:52:25 PM com.gargoylesoftware.htmlunit.DefaultCssErrorHandler error
WARNING: CSS error: 'http://localhost:4567/css/bootstrap-3.3.6-dist/css/bootstrap.css' [6259:12] Error in @media rule. (Invalid token "and". Was expecting one of: <S>, <LBRACE>, <COMMA>.)
Apr 29, 2016 10:52:25 PM com.gargoylesoftware.htmlunit.DefaultCssErrorHandler warning
WARNING: CSS warning: 'http://localhost:4567/css/bootstrap-3.3.6-dist/css/bootstrap.css' [6259:12] Ignoring the whole rule.
Apr 29, 2016 10:52:25 PM com.gargoylesoftware.htmlunit.DefaultCssErrorHandler error
WARNING: CSS error: 'http://localhost:4567/css/bootstrap-3.3.6-dist/css/bootstrap.css' [6339:17] Error in expression; ':' found after identifier "progid".
Apr 29, 2016 10:52:25 PM com.gargoylesoftware.htmlunit.DefaultCssErrorHandler error
WARNING: CSS error: 'http://localhost:4567/css/bootstrap-3.3.6-dist/css/bootstrap.css' [6349:17] Error in expression; ':' found after identifier "progid".
Apr 29, 2016 10:52:25 PM com.gargoylesoftware.htmlunit.DefaultCssErrorHandler error
WARNING: CSS error: 'http://localhost:4567/css/bootstrap-3.3.6-dist/css/bootstrap.css' [6437:15] Error in @media rule. (Invalid token "and". Was expecting one of: <S>, <LBRACE>, <COMMA>.)
Apr 29, 2016 10:52:25 PM com.gargoylesoftware.htmlunit.DefaultCssErrorHandler warning
WARNING: CSS warning: 'http://localhost:4567/css/bootstrap-3.3.6-dist/css/bootstrap.css' [6437:15] Ignoring the whole rule.
Apr 29, 2016 10:52:25 PM com.gargoylesoftware.htmlunit.DefaultCssErrorHandler error
WARNING: CSS error: 'http://localhost:4567/css/bootstrap-3.3.6-dist/css/bootstrap.css' [6573:8] Error in media list. (Invalid token "(". Was expecting one of: <S>, <IDENT>.)
Apr 29, 2016 10:52:25 PM com.gargoylesoftware.htmlunit.DefaultCssErrorHandler error
WARNING: CSS error: 'http://localhost:4567/css/bootstrap-3.3.6-dist/css/bootstrap.css' [6588:8] Error in media list. (Invalid token "(". Was expecting one of: <S>, <IDENT>.)
Apr 29, 2016 10:52:25 PM com.gargoylesoftware.htmlunit.DefaultCssErrorHandler error
WARNING: CSS error: 'http://localhost:4567/css/bootstrap-3.3.6-dist/css/bootstrap.css' [6593:8] Error in media list. (Invalid token "(". Was expecting one of: <S>, <IDENT>.)
Apr 29, 2016 10:52:25 PM com.gargoylesoftware.htmlunit.DefaultCssErrorHandler error
WARNING: CSS error: 'http://localhost:4567/css/bootstrap-3.3.6-dist/css/bootstrap.css' [6598:8] Error in media list. (Invalid token "(". Was expecting one of: <S>, <IDENT>.)
Apr 29, 2016 10:52:25 PM com.gargoylesoftware.htmlunit.DefaultCssErrorHandler error
WARNING: CSS error: 'http://localhost:4567/css/bootstrap-3.3.6-dist/css/bootstrap.css' [6603:8] Error in media list. (Invalid token "(". Was expecting one of: <S>, <IDENT>.)
Apr 29, 2016 10:52:25 PM com.gargoylesoftware.htmlunit.DefaultCssErrorHandler error
WARNING: CSS error: 'http://localhost:4567/css/bootstrap-3.3.6-dist/css/bootstrap.css' [6618:8] Error in media list. (Invalid token "(". Was expecting one of: <S>, <IDENT>.)
Apr 29, 2016 10:52:25 PM com.gargoylesoftware.htmlunit.DefaultCssErrorHandler error
WARNING: CSS error: 'http://localhost:4567/css/bootstrap-3.3.6-dist/css/bootstrap.css' [6623:8] Error in media list. (Invalid token "(". Was expecting one of: <S>, <IDENT>.)
Apr 29, 2016 10:52:25 PM com.gargoylesoftware.htmlunit.DefaultCssErrorHandler error
WARNING: CSS error: 'http://localhost:4567/css/bootstrap-3.3.6-dist/css/bootstrap.css' [6628:8] Error in media list. (Invalid token "(". Was expecting one of: <S>, <IDENT>.)
Apr 29, 2016 10:52:25 PM com.gargoylesoftware.htmlunit.DefaultCssErrorHandler error
WARNING: CSS error: 'http://localhost:4567/css/bootstrap-3.3.6-dist/css/bootstrap.css' [6633:8] Error in media list. (Invalid token "(". Was expecting one of: <S>, <IDENT>.)
Apr 29, 2016 10:52:25 PM com.gargoylesoftware.htmlunit.DefaultCssErrorHandler error
WARNING: CSS error: 'http://localhost:4567/css/bootstrap-3.3.6-dist/css/bootstrap.css' [6648:8] Error in media list. (Invalid token "(". Was expecting one of: <S>, <IDENT>.)
Apr 29, 2016 10:52:25 PM com.gargoylesoftware.htmlunit.DefaultCssErrorHandler error
WARNING: CSS error: 'http://localhost:4567/css/bootstrap-3.3.6-dist/css/bootstrap.css' [6653:8] Error in media list. (Invalid token "(". Was expecting one of: <S>, <IDENT>.)
Apr 29, 2016 10:52:25 PM com.gargoylesoftware.htmlunit.DefaultCssErrorHandler error
WARNING: CSS error: 'http://localhost:4567/css/bootstrap-3.3.6-dist/css/bootstrap.css' [6658:8] Error in media list. (Invalid token "(". Was expecting one of: <S>, <IDENT>.)
Apr 29, 2016 10:52:25 PM com.gargoylesoftware.htmlunit.DefaultCssErrorHandler error
WARNING: CSS error: 'http://localhost:4567/css/bootstrap-3.3.6-dist/css/bootstrap.css' [6663:8] Error in media list. (Invalid token "(". Was expecting one of: <S>, <IDENT>.)
Apr 29, 2016 10:52:25 PM com.gargoylesoftware.htmlunit.DefaultCssErrorHandler error
WARNING: CSS error: 'http://localhost:4567/css/bootstrap-3.3.6-dist/css/bootstrap.css' [6678:8] Error in media list. (Invalid token "(". Was expecting one of: <S>, <IDENT>.)
Apr 29, 2016 10:52:25 PM com.gargoylesoftware.htmlunit.DefaultCssErrorHandler error
WARNING: CSS error: 'http://localhost:4567/css/bootstrap-3.3.6-dist/css/bootstrap.css' [6683:8] Error in media list. (Invalid token "(". Was expecting one of: <S>, <IDENT>.)
Apr 29, 2016 10:52:25 PM com.gargoylesoftware.htmlunit.DefaultCssErrorHandler error
WARNING: CSS error: 'http://localhost:4567/css/bootstrap-3.3.6-dist/css/bootstrap.css' [6688:8] Error in media list. (Invalid token "(". Was expecting one of: <S>, <IDENT>.)
Apr 29, 2016 10:52:25 PM com.gargoylesoftware.htmlunit.DefaultCssErrorHandler error
WARNING: CSS error: 'http://localhost:4567/css/bootstrap-3.3.6-dist/css/bootstrap.css' [6693:8] Error in media list. (Invalid token "(". Was expecting one of: <S>, <IDENT>.)
Apr 29, 2016 10:52:25 PM com.gargoylesoftware.htmlunit.DefaultCssErrorHandler error
WARNING: CSS error: 'http://localhost:4567/css/bootstrap-3.3.6-dist/css/bootstrap.css' [6698:8] Error in media list. (Invalid token "(". Was expecting one of: <S>, <IDENT>.)
Apr 29, 2016 10:52:25 PM com.gargoylesoftware.htmlunit.DefaultCssErrorHandler error
WARNING: CSS error: 'http://localhost:4567/css/bootstrap-3.3.6-dist/css/bootstrap.css' [6703:8] Error in media list. (Invalid token "(". Was expecting one of: <S>, <IDENT>.)
Apr 29, 2016 10:52:25 PM com.gargoylesoftware.htmlunit.DefaultCssErrorHandler error
WARNING: CSS error: 'http://localhost:4567/css/bootstrap-3.3.6-dist/css/bootstrap.css' [6708:8] Error in media list. (Invalid token "(". Was expecting one of: <S>, <IDENT>.)
Apr 29, 2016 10:52:25 PM org.apache.velocity log
SEVERE: Parser Exception: templates/word.vtl
org.apache.velocity.runtime.parser.ParseException: Encountered "#end\n" at line 5, column 3.
Was expecting one of:
    <EOF> 
    "(" ...
    <RPAREN> ...
    <ESCAPE_DIRECTIVE> ...
    <SET_DIRECTIVE> ...
    "##" ...
    "\\\\" ...
    "\\" ...
    <TEXT> ...
    "*#" ...
    "*#" ...
    "]]#" ...
    <STRING_LITERAL> ...
    <IF_DIRECTIVE> ...
    <INTEGER_LITERAL> ...
    <FLOATING_POINT_LITERAL> ...
    <WORD> ...
    <BRACKETED_WORD> ...
    <IDENTIFIER> ...
    <DOT> ...
    "{" ...
    "}" ...
    <EMPTY_INDEX> ...
    
	at org.apache.velocity.runtime.parser.Parser.generateParseException(Parser.java:3679)
	at org.apache.velocity.runtime.parser.Parser.jj_consume_token(Parser.java:3558)
	at org.apache.velocity.runtime.parser.Parser.process(Parser.java:319)
	at org.apache.velocity.runtime.parser.Parser.parse(Parser.java:117)
	at org.apache.velocity.runtime.RuntimeInstance.parse(RuntimeInstance.java:1226)
	at org.apache.velocity.runtime.RuntimeInstance.parse(RuntimeInstance.java:1181)
	at org.apache.velocity.Template.process(Template.java:134)
	at org.apache.velocity.runtime.resource.ResourceManagerImpl.loadResource(ResourceManagerImpl.java:437)
	at org.apache.velocity.runtime.resource.ResourceManagerImpl.getResource(ResourceManagerImpl.java:352)
	at org.apache.velocity.runtime.RuntimeInstance.getTemplate(RuntimeInstance.java:1533)
	at org.apache.velocity.runtime.directive.Parse.render(Parse.java:197)
	at org.apache.velocity.runtime.parser.node.ASTDirective.render(ASTDirective.java:207)
	at org.apache.velocity.runtime.parser.node.SimpleNode.render(SimpleNode.java:342)
	at org.apache.velocity.Template.merge(Template.java:356)
	at org.apache.velocity.Template.merge(Template.java:260)
	at spark.template.velocity.VelocityTemplateEngine.render(VelocityTemplateEngine.java:72)
	at spark.TemplateViewRouteImpl$1.render(TemplateViewRouteImpl.java:61)
	at spark.TemplateViewRouteImpl$1.render(TemplateViewRouteImpl.java:58)
	at spark.TemplateViewRouteImpl.render(TemplateViewRouteImpl.java:85)
	at spark.webserver.MatcherFilter.doFilter(MatcherFilter.java:164)
	at spark.webserver.JettyHandler.doHandle(JettyHandler.java:61)
	at org.eclipse.jetty.server.session.SessionHandler.doScope(SessionHandler.java:189)
	at org.eclipse.jetty.server.handler.ScopedHandler.handle(ScopedHandler.java:141)
	at org.eclipse.jetty.server.handler.HandlerList.handle(HandlerList.java:52)
	at org.eclipse.jetty.server.handler.HandlerWrapper.handle(HandlerWrapper.java:119)
	at org.eclipse.jetty.server.Server.handle(Server.java:517)
	at org.eclipse.jetty.server.HttpChannel.handle(HttpChannel.java:302)
	at org.eclipse.jetty.server.HttpConnection.onFillable(HttpConnection.java:242)
	at org.eclipse.jetty.io.AbstractConnection$ReadCallback.succeeded(AbstractConnection.java:245)
	at org.eclipse.jetty.io.FillInterest.fillable(FillInterest.java:95)
	at org.eclipse.jetty.io.SelectChannelEndPoint$2.run(SelectChannelEndPoint.java:75)
	at org.eclipse.jetty.util.thread.strategy.ExecuteProduceConsume.produceAndRun(ExecuteProduceConsume.java:213)
	at org.eclipse.jetty.util.thread.strategy.ExecuteProduceConsume.run(ExecuteProduceConsume.java:147)
	at org.eclipse.jetty.util.thread.QueuedThreadPool.runJob(QueuedThreadPool.java:654)
	at org.eclipse.jetty.util.thread.QueuedThreadPool$3.run(QueuedThreadPool.java:572)
	at java.lang.Thread.run(Thread.java:745)

Apr 29, 2016 10:52:25 PM org.apache.velocity log
SEVERE: ResourceManager.getResource() parse exception
org.apache.velocity.exception.ParseErrorException: Encountered "#end\n" at templates/word.vtl[line 5, column 3]
Was expecting one of:
    <EOF> 
    "(" ...
    <RPAREN> ...
    <ESCAPE_DIRECTIVE> ...
    <SET_DIRECTIVE> ...
    "##" ...
    "\\\\" ...
    "\\" ...
    <TEXT> ...
    "*#" ...
    "*#" ...
    "]]#" ...
    <STRING_LITERAL> ...
    <IF_DIRECTIVE> ...
    <INTEGER_LITERAL> ...
    <FLOATING_POINT_LITERAL> ...
    <WORD> ...
    <BRACKETED_WORD> ...
    <IDENTIFIER> ...
    <DOT> ...
    "{" ...
    "}" ...
    <EMPTY_INDEX> ...
    
	at org.apache.velocity.Template.process(Template.java:151)
	at org.apache.velocity.runtime.resource.ResourceManagerImpl.loadResource(ResourceManagerImpl.java:437)
	at org.apache.velocity.runtime.resource.ResourceManagerImpl.getResource(ResourceManagerImpl.java:352)
	at org.apache.velocity.runtime.RuntimeInstance.getTemplate(RuntimeInstance.java:1533)
	at org.apache.velocity.runtime.directive.Parse.render(Parse.java:197)
	at org.apache.velocity.runtime.parser.node.ASTDirective.render(ASTDirective.java:207)
	at org.apache.velocity.runtime.parser.node.SimpleNode.render(SimpleNode.java:342)
	at org.apache.velocity.Template.merge(Template.java:356)
	at org.apache.velocity.Template.merge(Template.java:260)
	at spark.template.velocity.VelocityTemplateEngine.render(VelocityTemplateEngine.java:72)
	at spark.TemplateViewRouteImpl$1.render(TemplateViewRouteImpl.java:61)
	at spark.TemplateViewRouteImpl$1.render(TemplateViewRouteImpl.java:58)
	at spark.TemplateViewRouteImpl.render(TemplateViewRouteImpl.java:85)
	at spark.webserver.MatcherFilter.doFilter(MatcherFilter.java:164)
	at spark.webserver.JettyHandler.doHandle(JettyHandler.java:61)
	at org.eclipse.jetty.server.session.SessionHandler.doScope(SessionHandler.java:189)
	at org.eclipse.jetty.server.handler.ScopedHandler.handle(ScopedHandler.java:141)
	at org.eclipse.jetty.server.handler.HandlerList.handle(HandlerList.java:52)
	at org.eclipse.jetty.server.handler.HandlerWrapper.handle(HandlerWrapper.java:119)
	at org.eclipse.jetty.server.Server.handle(Server.java:517)
	at org.eclipse.jetty.server.HttpChannel.handle(HttpChannel.java:302)
	at org.eclipse.jetty.server.HttpConnection.onFillable(HttpConnection.java:242)
	at org.eclipse.jetty.io.AbstractConnection$ReadCallback.succeeded(AbstractConnection.java:245)
	at org.eclipse.jetty.io.FillInterest.fillable(FillInterest.java:95)
	at org.eclipse.jetty.io.SelectChannelEndPoint$2.run(SelectChannelEndPoint.java:75)
	at org.eclipse.jetty.util.thread.strategy.ExecuteProduceConsume.produceAndRun(ExecuteProduceConsume.java:213)
	at org.eclipse.jetty.util.thread.strategy.ExecuteProduceConsume.run(ExecuteProduceConsume.java:147)
	at org.eclipse.jetty.util.thread.QueuedThreadPool.runJob(QueuedThreadPool.java:654)
	at org.eclipse.jetty.util.thread.QueuedThreadPool$3.run(QueuedThreadPool.java:572)
	at java.lang.Thread.run(Thread.java:745)

Apr 29, 2016 10:52:25 PM org.apache.velocity log
SEVERE: #parse(): syntax error in #parse()-ed template 'templates/word.vtl', called at templates/layout.vtl[line 15, column 7]
[qtp1885901004-18] ERROR spark.webserver.MatcherFilter - 
org.apache.velocity.exception.ParseErrorException: Encountered "#end\n" at templates/word.vtl[line 5, column 3]
Was expecting one of:
    <EOF> 
    "(" ...
    <RPAREN> ...
    <ESCAPE_DIRECTIVE> ...
    <SET_DIRECTIVE> ...
    "##" ...
    "\\\\" ...
    "\\" ...
    <TEXT> ...
    "*#" ...
    "*#" ...
    "]]#" ...
    <STRING_LITERAL> ...
    <IF_DIRECTIVE> ...
    <INTEGER_LITERAL> ...
    <FLOATING_POINT_LITERAL> ...
    <WORD> ...
    <BRACKETED_WORD> ...
    <IDENTIFIER> ...
    <DOT> ...
    "{" ...
    "}" ...
    <EMPTY_INDEX> ...
    
	at org.apache.velocity.Template.process(Template.java:151)
	at org.apache.velocity.runtime.resource.ResourceManagerImpl.loadResource(ResourceManagerImpl.java:437)
	at org.apache.velocity.runtime.resource.ResourceManagerImpl.getResource(ResourceManagerImpl.java:352)
	at org.apache.velocity.runtime.RuntimeInstance.getTemplate(RuntimeInstance.java:1533)
	at org.apache.velocity.runtime.directive.Parse.render(Parse.java:197)
	at org.apache.velocity.runtime.parser.node.ASTDirective.render(ASTDirective.java:207)
	at org.apache.velocity.runtime.parser.node.SimpleNode.render(SimpleNode.java:342)
	at org.apache.velocity.Template.merge(Template.java:356)
	at org.apache.velocity.Template.merge(Template.java:260)
	at spark.template.velocity.VelocityTemplateEngine.render(VelocityTemplateEngine.java:72)
	at spark.TemplateViewRouteImpl$1.render(TemplateViewRouteImpl.java:61)
	at spark.TemplateViewRouteImpl$1.render(TemplateViewRouteImpl.java:58)
	at spark.TemplateViewRouteImpl.render(TemplateViewRouteImpl.java:85)
	at spark.webserver.MatcherFilter.doFilter(MatcherFilter.java:164)
	at spark.webserver.JettyHandler.doHandle(JettyHandler.java:61)
	at org.eclipse.jetty.server.session.SessionHandler.doScope(SessionHandler.java:189)
	at org.eclipse.jetty.server.handler.ScopedHandler.handle(ScopedHandler.java:141)
	at org.eclipse.jetty.server.handler.HandlerList.handle(HandlerList.java:52)
	at org.eclipse.jetty.server.handler.HandlerWrapper.handle(HandlerWrapper.java:119)
	at org.eclipse.jetty.server.Server.handle(Server.java:517)
	at org.eclipse.jetty.server.HttpChannel.handle(HttpChannel.java:302)
	at org.eclipse.jetty.server.HttpConnection.onFillable(HttpConnection.java:242)
	at org.eclipse.jetty.io.AbstractConnection$ReadCallback.succeeded(AbstractConnection.java:245)
	at org.eclipse.jetty.io.FillInterest.fillable(FillInterest.java:95)
	at org.eclipse.jetty.io.SelectChannelEndPoint$2.run(SelectChannelEndPoint.java:75)
	at org.eclipse.jetty.util.thread.strategy.ExecuteProduceConsume.produceAndRun(ExecuteProduceConsume.java:213)
	at org.eclipse.jetty.util.thread.strategy.ExecuteProduceConsume.run(ExecuteProduceConsume.java:147)
	at org.eclipse.jetty.util.thread.QueuedThreadPool.runJob(QueuedThreadPool.java:654)
	at org.eclipse.jetty.util.thread.QueuedThreadPool$3.run(QueuedThreadPool.java:572)
	at java.lang.Thread.run(Thread.java:745)
[Test worker] INFO spark.webserver.JettySparkServer - >>> Spark shutting down ...
[Test worker] INFO org.eclipse.jetty.server.ServerConnector - Stopped ServerConnector@4d28694{HTTP/1.1,[http/1.1]}{0.0.0.0:4567}
[Test worker] INFO spark.webserver.JettySparkServer - done
]]></system-err>
</testsuite>
