<?xml version="1.0" encoding="UTF-8"?>
<testsuite name="DefinitionTest" tests="3" skipped="0" failures="0" errors="0" timestamp="2016-04-29T20:28:09" hostname="epicodus-55.local" time="0.001">
  <properties/>
  <testcase name="definition_instantiatesCorrectly_true" classname="DefinitionTest" time="0.0"/>
  <testcase name="getDescription_descriptionInstantiatesWithDefinition_Home" classname="DefinitionTest" time="0.0"/>
  <testcase name="all_returnsAllInstancesOfDescription_true" classname="DefinitionTest" time="0.0"/>
  <system-out><![CDATA[]]></system-out>
  <system-err><![CDATA[]]></system-err>
</testsuite>
