<?xml version="1.0" encoding="UTF-8"?>
<testsuite name="WordTest" tests="9" skipped="0" failures="0" errors="0" timestamp="2016-05-01T01:09:31" hostname="Nadins-MacBook-Pro.local" time="0.006">
  <properties/>
  <testcase name="find_returnsWordWithSameId_secondTask" classname="WordTest" time="0.0"/>
  <testcase name="getId_tasksInstantiateWithAnID_1" classname="WordTest" time="0.0"/>
  <testcase name="getDefinition_initiallyReturnsEmptyList_ArrayList" classname="WordTest" time="0.002"/>
  <testcase name="addDefinition_addsDefinitionToListOfWords_true" classname="WordTest" time="0.001"/>
  <testcase name="getDefinition_categoryInstatiatesWithDefinition_Home" classname="WordTest" time="0.0"/>
  <testcase name="find_returnsNullWhenNoWordFound_null" classname="WordTest" time="0.001"/>
  <testcase name="all_returnsAllInstancesOfWord_true" classname="WordTest" time="0.0"/>
  <testcase name="clear_emptiesAllWordsFromArrayList_0" classname="WordTest" time="0.0"/>
  <testcase name="word_instantiatesCorrectly_true" classname="WordTest" time="0.001"/>
  <system-out><![CDATA[]]></system-out>
  <system-err><![CDATA[]]></system-err>
</testsuite>
