<?xml version="1.0" encoding="UTF-8"?>
<testsuite name="WordTest" tests="8" skipped="0" failures="0" errors="0" timestamp="2016-04-29T22:37:05" hostname="epicodus-55.local" time="0.001">
  <properties/>
  <testcase name="find_returnsWordWithSameId_secondTask" classname="WordTest" time="0.0"/>
  <testcase name="getDescription_categoryInstatiatesWithDescription_Home" classname="WordTest" time="0.0"/>
  <testcase name="getId_tasksInstantiateWithAnID_1" classname="WordTest" time="0.0"/>
  <testcase name="getDefinition_initiallyReturnsEmptyList_ArrayList" classname="WordTest" time="0.0"/>
  <testcase name="find_returnsNullWhenNoWordFound_null" classname="WordTest" time="0.0"/>
  <testcase name="all_returnsAllInstancesOfWord_true" classname="WordTest" time="0.0"/>
  <testcase name="clear_emptiesAllWordsFromArrayList_0" classname="WordTest" time="0.0"/>
  <testcase name="word_instantiatesCorrectly_true" classname="WordTest" time="0.0"/>
  <system-out><![CDATA[]]></system-out>
  <system-err><![CDATA[]]></system-err>
</testsuite>
